Using pre-set license
Built from '2022.3/staging' branch; Version is '2022.3.3f1 (7cdc2969a641) revision 8182825'; Using compiler version '192829333'; Build Type 'Release'
OS: 'Windows 11  (10.0.22621) 64bit Professional' Language: 'fr' Physical Memory: 16036 MB
BatchMode: 1, IsHumanControllingUs: 0, StartBugReporterOnCrash: 0, Is64bit: 1, IsPro: 1

COMMAND LINE ARGUMENTS:
C:\Program Files\Unity\Hub\Editor\2022.3.3f1\Editor\Unity.exe
-adb2
-batchMode
-noUpm
-name
AssetImportWorker2
-projectPath
C:/Users/makyt/Documents/Cours/4A_SEMESTRE 7/Réalité Virtuelle/AstroBobVR/AstroBob
-logFile
Logs/AssetImportWorker2.log
-srvPort
64596
Successfully changed project path to: C:/Users/makyt/Documents/Cours/4A_SEMESTRE 7/Réalité Virtuelle/AstroBobVR/AstroBob
C:/Users/makyt/Documents/Cours/4A_SEMESTRE 7/Réalité Virtuelle/AstroBobVR/AstroBob
[UnityMemory] Configuration Parameters - Can be set up in boot.config
    "memorysetup-bucket-allocator-granularity=16"
    "memorysetup-bucket-allocator-bucket-count=8"
    "memorysetup-bucket-allocator-block-size=33554432"
    "memorysetup-bucket-allocator-block-count=8"
    "memorysetup-main-allocator-block-size=16777216"
    "memorysetup-thread-allocator-block-size=16777216"
    "memorysetup-gfx-main-allocator-block-size=16777216"
    "memorysetup-gfx-thread-allocator-block-size=16777216"
    "memorysetup-cache-allocator-block-size=4194304"
    "memorysetup-typetree-allocator-block-size=2097152"
    "memorysetup-profiler-bucket-allocator-granularity=16"
    "memorysetup-profiler-bucket-allocator-bucket-count=8"
    "memorysetup-profiler-bucket-allocator-block-size=33554432"
    "memorysetup-profiler-bucket-allocator-block-count=8"
    "memorysetup-profiler-allocator-block-size=16777216"
    "memorysetup-profiler-editor-allocator-block-size=1048576"
    "memorysetup-temp-allocator-size-main=16777216"
    "memorysetup-job-temp-allocator-block-size=2097152"
    "memorysetup-job-temp-allocator-block-size-background=1048576"
    "memorysetup-job-temp-allocator-reduction-small-platforms=262144"
    "memorysetup-allocator-temp-initial-block-size-main=262144"
    "memorysetup-allocator-temp-initial-block-size-worker=262144"
    "memorysetup-temp-allocator-size-background-worker=32768"
    "memorysetup-temp-allocator-size-job-worker=262144"
    "memorysetup-temp-allocator-size-preload-manager=33554432"
    "memorysetup-temp-allocator-size-nav-mesh-worker=65536"
    "memorysetup-temp-allocator-size-audio-worker=65536"
    "memorysetup-temp-allocator-size-cloud-worker=32768"
    "memorysetup-temp-allocator-size-gi-baking-worker=262144"
    "memorysetup-temp-allocator-size-gfx=262144"
Player connection [27708] Host "[IP] 10.0.0.14 [Port] 0 [Flags] 2 [Guid] 47414208 [EditorId] 47414208 [Version] 1048832 [Id] WindowsEditor(7,NewGate) [Debug] 1 [PackageName] WindowsEditor [ProjectName] Editor" joined multi-casting on [225.0.0.222:54997]...

Player connection [27708] Host "[IP] 10.0.0.14 [Port] 0 [Flags] 2 [Guid] 47414208 [EditorId] 47414208 [Version] 1048832 [Id] WindowsEditor(7,NewGate) [Debug] 1 [PackageName] WindowsEditor [ProjectName] Editor" joined alternative multi-casting on [225.0.0.222:34997]...

Refreshing native plugins compatible for Editor in 23.66 ms, found 12 plugins.
Preloading 1 native plugins for Editor in 1.00 ms.
Initialize engine version: 2022.3.3f1 (7cdc2969a641)
[Subsystems] Discovering subsystems at path C:/Program Files/Unity/Hub/Editor/2022.3.3f1/Editor/Data/Resources/UnitySubsystems
[Subsystems] Discovering subsystems at path C:/Users/makyt/Documents/Cours/4A_SEMESTRE 7/Réalité Virtuelle/AstroBobVR/AstroBob/Assets
GfxDevice: creating device client; threaded=0; jobified=0
Direct3D:
    Version:  Direct3D 11.0 [level 11.1]
    Renderer: Intel(R) Iris(R) Xe Graphics (ID=0xa7a1)
    Vendor:   Intel
    VRAM:     8018 MB
    Driver:   31.0.101.4575
Initialize mono
Mono path[0] = 'C:/Program Files/Unity/Hub/Editor/2022.3.3f1/Editor/Data/Managed'
Mono path[1] = 'C:/Program Files/Unity/Hub/Editor/2022.3.3f1/Editor/Data/MonoBleedingEdge/lib/mono/unityjit-win32'
Mono config path = 'C:/Program Files/Unity/Hub/Editor/2022.3.3f1/Editor/Data/MonoBleedingEdge/etc'
Using monoOptions --debugger-agent=transport=dt_socket,embedding=1,server=y,suspend=n,address=127.0.0.1:56968
Begin MonoManager ReloadAssembly
Registering precompiled unity dll's ...
Register platform support module: C:/Program Files/Unity/Hub/Editor/2022.3.3f1/Editor/Data/PlaybackEngines/WindowsStandaloneSupport/UnityEditor.WindowsStandalone.Extensions.dll
Registered in 0.005142 seconds.
- Loaded All Assemblies, in  0.436 seconds
Native extension for WindowsStandalone target not found
Mono: successfully reloaded assembly
- Finished resetting the current domain, in  0.433 seconds
Domain Reload Profiling: 869ms
	BeginReloadAssembly (105ms)
		ExecutionOrderSort (0ms)
		DisableScriptedObjects (0ms)
		BackupInstance (0ms)
		ReleaseScriptingObjects (0ms)
		CreateAndSetChildDomain (1ms)
	RebuildCommonClasses (44ms)
	RebuildNativeTypeToScriptingClass (9ms)
	initialDomainReloadingComplete (78ms)
	LoadAllAssembliesAndSetupDomain (199ms)
		LoadAssemblies (103ms)
		RebuildTransferFunctionScriptingTraits (0ms)
		AnalyzeDomain (190ms)
			TypeCache.Refresh (188ms)
				TypeCache.ScanAssembly (169ms)
			ScanForSourceGeneratedMonoScriptInfo (1ms)
			ResolveRequiredComponents (1ms)
	FinalizeReload (434ms)
		ReleaseScriptCaches (0ms)
		RebuildScriptCaches (0ms)
		SetupLoadedEditorAssemblies (329ms)
			LogAssemblyErrors (0ms)
			InitializePlatformSupportModulesInManaged (18ms)
			SetLoadedEditorAssemblies (12ms)
			RefreshPlugins (0ms)
			BeforeProcessingInitializeOnLoad (5ms)
			ProcessInitializeOnLoadAttributes (215ms)
			ProcessInitializeOnLoadMethodAttributes (79ms)
			AfterProcessingInitializeOnLoad (0ms)
			EditorAssembliesLoaded (0ms)
		ExecutionOrderSort2 (0ms)
		AwakeInstancesAfterBackupRestoration (0ms)
========================================================================
Worker process is ready to serve import requests
Begin MonoManager ReloadAssembly
- Loaded All Assemblies, in  0.766 seconds
Refreshing native plugins compatible for Editor in 8.20 ms, found 12 plugins.
Native extension for WindowsStandalone target not found
Package Manager log level set to [2]
[Package Manager] Server::EnsureServerProcessIsRunning -- launch failed, reason: Unity was launched with the -noUpm command-line argument
[Package Manager] UpmClient::Send -- Unable to send message (not connected to UPM process).
[Package Manager] Cannot connect to Unity Package Manager local server
System.Reflection.TargetInvocationException: Exception has been thrown by the target of an invocation. ---> System.NullReferenceException: Object reference not set to an instance of an object
  at Unity.XR.Oculus.OculusLoader.AssetPathToAbsolutePath (System.String assetPath) [0x0003d] in .\Library\PackageCache\com.unity.xr.oculus@4.0.0\Runtime\OculusLoader.cs:282 
  at Unity.XR.Oculus.OculusLoader.EditorLoadOVRPlugin () [0x0007b] in .\Library\PackageCache\com.unity.xr.oculus@4.0.0\Runtime\OculusLoader.cs:267 
  at (wrapper managed-to-native) System.Reflection.RuntimeMethodInfo.InternalInvoke(System.Reflection.RuntimeMethodInfo,object,object[],System.Exception&)
  at System.Reflection.RuntimeMethodInfo.Invoke (System.Object obj, System.Reflection.BindingFlags invokeAttr, System.Reflection.Binder binder, System.Object[] parameters, System.Globalization.CultureInfo culture) [0x0006a] in <605bf8b31fcb444b85176da963870aa7>:0 
   --- End of inner exception stack trace ---
  at System.Reflection.RuntimeMethodInfo.Invoke (System.Object obj, System.Reflection.BindingFlags invokeAttr, System.Reflection.Binder binder, System.Object[] parameters, System.Globalization.CultureInfo culture) [0x00083] in <605bf8b31fcb444b85176da963870aa7>:0 
  at System.Reflection.MethodBase.Invoke (System.Object obj, System.Object[] parameters) [0x00000] in <605bf8b31fcb444b85176da963870aa7>:0 
  at UnityEditor.EditorAssemblies.ProcessInitializeOnLoadMethodAttributes () [0x000a5] in <0cbf2453ffe348b8bff59f7f22a27d4b>:0 
UnityEngine.StackTraceUtility:ExtractStackTrace ()
UnityEngine.DebugLogHandler:LogFormat (UnityEngine.LogType,UnityEngine.Object,string,object[])
UnityEngine.Logger:Log (UnityEngine.LogType,object)
UnityEngine.Debug:LogError (object)
UnityEditor.EditorAssemblies:ProcessInitializeOnLoadMethodAttributes ()

Mono: successfully reloaded assembly
[Package Manager] Server::EnsureServerProcessIsRunning -- launch failed, reason: Unity was launched with the -noUpm command-line argument
[Package Manager] UpmClient::Send -- Unable to send message (not connected to UPM process).
[Package Manager] Cannot connect to Unity Package Manager local server
[Package Manager] Server::EnsureServerProcessIsRunning -- launch failed, reason: Unity was launched with the -noUpm command-line argument
[Package Manager] UpmClient::Send -- Unable to send message (not connected to UPM process).
[Package Manager] Cannot connect to Unity Package Manager local server
- Finished resetting the current domain, in  0.663 seconds
Domain Reload Profiling: 1427ms
	BeginReloadAssembly (124ms)
		ExecutionOrderSort (0ms)
		DisableScriptedObjects (4ms)
		BackupInstance (0ms)
		ReleaseScriptingObjects (0ms)
		CreateAndSetChildDomain (20ms)
	RebuildCommonClasses (26ms)
	RebuildNativeTypeToScriptingClass (7ms)
	initialDomainReloadingComplete (48ms)
	LoadAllAssembliesAndSetupDomain (558ms)
		LoadAssemblies (263ms)
		RebuildTransferFunctionScriptingTraits (0ms)
		AnalyzeDomain (355ms)
			TypeCache.Refresh (328ms)
				TypeCache.ScanAssembly (318ms)
			ScanForSourceGeneratedMonoScriptInfo (23ms)
			ResolveRequiredComponents (4ms)
	FinalizeReload (663ms)
		ReleaseScriptCaches (0ms)
		RebuildScriptCaches (0ms)
		SetupLoadedEditorAssemblies (458ms)
			LogAssemblyErrors (0ms)
			InitializePlatformSupportModulesInManaged (5ms)
			SetLoadedEditorAssemblies (6ms)
			RefreshPlugins (0ms)
			BeforeProcessingInitializeOnLoad (100ms)
			ProcessInitializeOnLoadAttributes (297ms)
			ProcessInitializeOnLoadMethodAttributes (43ms)
			AfterProcessingInitializeOnLoad (7ms)
			EditorAssembliesLoaded (0ms)
		ExecutionOrderSort2 (0ms)
		AwakeInstancesAfterBackupRestoration (4ms)
Launched and connected shader compiler UnityShaderCompiler.exe after 0.08 seconds
Refreshing native plugins compatible for Editor in 12.86 ms, found 12 plugins.
Preloading 1 native plugins for Editor in 0.07 ms.
Unloading 4326 Unused Serialized files (Serialized files now loaded: 0)
Unloading 75 unused Assets / (45.5 KB). Loaded Objects now: 4811.
Memory consumption went from 160.1 MB to 160.1 MB.
Total: 3.760100 ms (FindLiveObjects: 0.234200 ms CreateObjectMapping: 0.104900 ms MarkObjects: 3.276300 ms  DeleteObjects: 0.143500 ms)

AssetImportParameters requested are different than current active one (requested -> active):
  custom:container-demuxer-ogg: 62fdf1f143b41e24485cea50d1cbac27 -> 
  custom:video-codec-MediaFoundation-h265: 746d11721c4dcdbdad8f713fa42b33f4 -> 
  custom:video-decoder-ogg-theora: a1e56fd34408186e4bbccfd4996cb3dc -> 
  custom:framework-win-MediaFoundation: 216162199b28c13a410421893ffa2e32 -> 
  custom:container-demuxer-webm: 4f35f7cbe854078d1ac9338744f61a02 -> 
  custom:container-muxer-webm: aa71ff27fc2769a1b78a27578f13a17b -> 
  custom:video-decoder-webm-vp8: 9c59270c3fd7afecdb556c50c9e8de78 -> 
  custom:AudioImporter_EditorPlatform: d09bf68614088b80899f8185d706f6e7 -> 
  custom:video-encoder-webm-vp8: eb34c28f22e8b96e1ab97ce403110664 -> 
  custom:audio-decoder-ogg-vorbis: bf7c407c2cedff20999df2af8eb42d56 -> 
  custom:audio-encoder-webm-vorbis: bf7c407c2cedff20999df2af8eb42d56 -> 
========================================================================
Received Import Request.
  Time since last request: 165302.013593 seconds.
  path: Assets/Oculus Hands/Prefabs
  artifactKey: Guid(176a87d49f06d4340bf832ac8e2f5df5) Importer(815301076,1909f56bfc062723c751e8b465ee728b)
Start importing Assets/Oculus Hands/Prefabs using Guid(176a87d49f06d4340bf832ac8e2f5df5) Importer(815301076,1909f56bfc062723c751e8b465ee728b)  -> (artifact id: '8278d6dd1b74dfc1e06e1aa92670026c') in 0.004583 seconds
Number of updated asset objects reloaded before import = 0
Number of asset objects unloaded after import = 0
========================================================================
Received Import Request.
  Time since last request: 0.106631 seconds.
  path: Assets/Oculus Hands/Prefabs/Left Hand Model.prefab
  artifactKey: Guid(65847589f926b734d9eaed6e25f0046b) Importer(815301076,1909f56bfc062723c751e8b465ee728b)
Start importing Assets/Oculus Hands/Prefabs/Left Hand Model.prefab using Guid(65847589f926b734d9eaed6e25f0046b) Importer(815301076,1909f56bfc062723c751e8b465ee728b)  -> (artifact id: 'b17c9ee36d8de74ac00279811d82cfc8') in 0.173074 seconds
Internal: There are remaining Allocations on the JobTempAlloc. This is a leak, and will impact performance
To Debug, run app with -diag-job-temp-memory-leak-validation cmd line argument. This will output the callstacks of the leaked allocations.
Number of updated asset objects reloaded before import = 0
Number of asset objects unloaded after import = 69
========================================================================
Received Import Request.
  Time since last request: 17.012319 seconds.
  path: Assets/Oculus Hands/Prefabs/Right Hand Model.prefab
  artifactKey: Guid(1fd3a7c43c8190f4d8c167ebde694364) Importer(815301076,1909f56bfc062723c751e8b465ee728b)
Start importing Assets/Oculus Hands/Prefabs/Right Hand Model.prefab using Guid(1fd3a7c43c8190f4d8c167ebde694364) Importer(815301076,1909f56bfc062723c751e8b465ee728b)  -> (artifact id: 'a025e30bc3e236665ec190f8f7df7a66') in 0.027920 seconds
Internal: There are remaining Allocations on the JobTempAlloc. This is a leak, and will impact performance
To Debug, run app with -diag-job-temp-memory-leak-validation cmd line argument. This will output the callstacks of the leaked allocations.
Number of updated asset objects reloaded before import = 0
Number of asset objects unloaded after import = 69
========================================================================
Received Import Request.
  Time since last request: 3.141686 seconds.
  path: Assets/Oculus Hands/Prefabs/Right Hand Model.prefab
  artifactKey: Guid(1fd3a7c43c8190f4d8c167ebde694364) Importer(815301076,1909f56bfc062723c751e8b465ee728b)
Start importing Assets/Oculus Hands/Prefabs/Right Hand Model.prefab using Guid(1fd3a7c43c8190f4d8c167ebde694364) Importer(815301076,1909f56bfc062723c751e8b465ee728b)  -> (artifact id: '66c817b28c11dcfeef592d244a6af40c') in 0.026066 seconds
Internal: There are remaining Allocations on the JobTempAlloc. This is a leak, and will impact performance
To Debug, run app with -diag-job-temp-memory-leak-validation cmd line argument. This will output the callstacks of the leaked allocations.
Number of updated asset objects reloaded before import = 0
Number of asset objects unloaded after import = 69
========================================================================
Received Import Request.
  Time since last request: 224.472225 seconds.
  path: Assets/Transparent.mat
  artifactKey: Guid(c98603954fad0b743bd5ecf57086662a) Importer(815301076,1909f56bfc062723c751e8b465ee728b)
Start importing Assets/Transparent.mat using Guid(c98603954fad0b743bd5ecf57086662a) Importer(815301076,1909f56bfc062723c751e8b465ee728b)  -> (artifact id: 'd89ef686ee803aa48d1c1ce0acb4052b') in 0.105192 seconds
Internal: There are remaining Allocations on the JobTempAlloc. This is a leak, and will impact performance
To Debug, run app with -diag-job-temp-memory-leak-validation cmd line argument. This will output the callstacks of the leaked allocations.
Number of updated asset objects reloaded before import = 0
Number of asset objects unloaded after import = 1
========================================================================
Received Import Request.
  Time since last request: 49.567587 seconds.
  path: Assets/Oculus Hands/Materials/Hands_solid.mat
  artifactKey: Guid(3637b758ff163493f8bb8b6d7e96d7ae) Importer(815301076,1909f56bfc062723c751e8b465ee728b)
Start importing Assets/Oculus Hands/Materials/Hands_solid.mat using Guid(3637b758ff163493f8bb8b6d7e96d7ae) Importer(815301076,1909f56bfc062723c751e8b465ee728b)  -> (artifact id: 'af0a251b3ba46de0c241613a876b401d') in 0.035859 seconds
Internal: There are remaining Allocations on the JobTempAlloc. This is a leak, and will impact performance
To Debug, run app with -diag-job-temp-memory-leak-validation cmd line argument. This will output the callstacks of the leaked allocations.
Number of updated asset objects reloaded before import = 0
Number of asset objects unloaded after import = 1
========================================================================
Received Import Request.
  Time since last request: 176.759083 seconds.
  path: Assets/LowPolyAlienWorld/Textures/Colors3.png
  artifactKey: Guid(1589dff7b09dc6948912ee54f7621efe) Importer(815301076,1909f56bfc062723c751e8b465ee728b)
Start importing Assets/LowPolyAlienWorld/Textures/Colors3.png using Guid(1589dff7b09dc6948912ee54f7621efe) Importer(815301076,1909f56bfc062723c751e8b465ee728b)  -> (artifact id: 'a97c972b9fb084e5d236590aaae4d657') in 0.044189 seconds
Internal: There are remaining Allocations on the JobTempAlloc. This is a leak, and will impact performance
To Debug, run app with -diag-job-temp-memory-leak-validation cmd line argument. This will output the callstacks of the leaked allocations.
Number of updated asset objects reloaded before import = 0
Number of asset objects unloaded after import = 2
========================================================================
Received Prepare
Begin MonoManager ReloadAssembly
Internal: deleting an allocation that is older than its permitted lifetime of 4 frames (age = 5)
Internal: deleting an allocation that is older than its permitted lifetime of 4 frames (age = 5)
Internal: deleting an allocation that is older than its permitted lifetime of 4 frames (age = 6)
Internal: deleting an allocation that is older than its permitted lifetime of 4 frames (age = 6)
- Loaded All Assemblies, in  0.735 seconds
Refreshing native plugins compatible for Editor in 11.16 ms, found 12 plugins.
Native extension for WindowsStandalone target not found
[Package Manager] Server::EnsureServerProcessIsRunning -- launch failed, reason: Unity was launched with the -noUpm command-line argument
[Package Manager] UpmClient::Send -- Unable to send message (not connected to UPM process).
[Package Manager] Cannot connect to Unity Package Manager local server
System.Reflection.TargetInvocationException: Exception has been thrown by the target of an invocation. ---> System.NullReferenceException: Object reference not set to an instance of an object
  at Unity.XR.Oculus.OculusLoader.AssetPathToAbsolutePath (System.String assetPath) [0x0003d] in .\Library\PackageCache\com.unity.xr.oculus@4.0.0\Runtime\OculusLoader.cs:282 
  at Unity.XR.Oculus.OculusLoader.EditorLoadOVRPlugin () [0x0007b] in .\Library\PackageCache\com.unity.xr.oculus@4.0.0\Runtime\OculusLoader.cs:267 
  at (wrapper managed-to-native) System.Reflection.RuntimeMethodInfo.InternalInvoke(System.Reflection.RuntimeMethodInfo,object,object[],System.Exception&)
  at System.Reflection.RuntimeMethodInfo.Invoke (System.Object obj, System.Reflection.BindingFlags invokeAttr, System.Reflection.Binder binder, System.Object[] parameters, System.Globalization.CultureInfo culture) [0x0006a] in <605bf8b31fcb444b85176da963870aa7>:0 
   --- End of inner exception stack trace ---
  at System.Reflection.RuntimeMethodInfo.Invoke (System.Object obj, System.Reflection.BindingFlags invokeAttr, System.Reflection.Binder binder, System.Object[] parameters, System.Globalization.CultureInfo culture) [0x00083] in <605bf8b31fcb444b85176da963870aa7>:0 
  at System.Reflection.MethodBase.Invoke (System.Object obj, System.Object[] parameters) [0x00000] in <605bf8b31fcb444b85176da963870aa7>:0 
  at UnityEditor.EditorAssemblies.ProcessInitializeOnLoadMethodAttributes () [0x000a5] in <0cbf2453ffe348b8bff59f7f22a27d4b>:0 
UnityEngine.StackTraceUtility:ExtractStackTrace ()
UnityEngine.DebugLogHandler:LogFormat (UnityEngine.LogType,UnityEngine.Object,string,object[])
UnityEngine.Logger:Log (UnityEngine.LogType,object)
UnityEngine.Debug:LogError (object)
UnityEditor.EditorAssemblies:ProcessInitializeOnLoadMethodAttributes ()

Mono: successfully reloaded assembly
[Package Manager] Server::EnsureServerProcessIsRunning -- launch failed, reason: Unity was launched with the -noUpm command-line argument
[Package Manager] UpmClient::Send -- Unable to send message (not connected to UPM process).
[Package Manager] Cannot connect to Unity Package Manager local server
- Finished resetting the current domain, in  0.937 seconds
Domain Reload Profiling: 1666ms
	BeginReloadAssembly (150ms)
		ExecutionOrderSort (0ms)
		DisableScriptedObjects (3ms)
		BackupInstance (0ms)
		ReleaseScriptingObjects (0ms)
		CreateAndSetChildDomain (57ms)
	RebuildCommonClasses (30ms)
	RebuildNativeTypeToScriptingClass (12ms)
	initialDomainReloadingComplete (35ms)
	LoadAllAssembliesAndSetupDomain (501ms)
		LoadAssemblies (264ms)
		RebuildTransferFunctionScriptingTraits (0ms)
		AnalyzeDomain (277ms)
			TypeCache.Refresh (264ms)
				TypeCache.ScanAssembly (250ms)
			ScanForSourceGeneratedMonoScriptInfo (7ms)
			ResolveRequiredComponents (7ms)
	FinalizeReload (937ms)
		ReleaseScriptCaches (0ms)
		RebuildScriptCaches (0ms)
		SetupLoadedEditorAssemblies (373ms)
			LogAssemblyErrors (0ms)
			InitializePlatformSupportModulesInManaged (15ms)
			SetLoadedEditorAssemblies (11ms)
			RefreshPlugins (0ms)
			BeforeProcessingInitializeOnLoad (114ms)
			ProcessInitializeOnLoadAttributes (192ms)
			ProcessInitializeOnLoadMethodAttributes (37ms)
			AfterProcessingInitializeOnLoad (5ms)
			EditorAssembliesLoaded (0ms)
		ExecutionOrderSort2 (0ms)
		AwakeInstancesAfterBackupRestoration (4ms)
Refreshing native plugins compatible for Editor in 10.10 ms, found 12 plugins.
Preloading 1 native plugins for Editor in 0.06 ms.
Unloading 4307 Unused Serialized files (Serialized files now loaded: 0)
Unloading 57 unused Assets / (1.3 MB). Loaded Objects now: 4859.
Memory consumption went from 166.7 MB to 165.4 MB.
Total: 3.203400 ms (FindLiveObjects: 0.427900 ms CreateObjectMapping: 0.131900 ms MarkObjects: 2.183700 ms  DeleteObjects: 0.458300 ms)

Prepare: number of updated asset objects reloaded= 0
AssetImportParameters requested are different than current active one (requested -> active):
  custom:container-demuxer-ogg: 62fdf1f143b41e24485cea50d1cbac27 -> 
  custom:video-codec-MediaFoundation-h265: 746d11721c4dcdbdad8f713fa42b33f4 -> 
  custom:video-decoder-ogg-theora: a1e56fd34408186e4bbccfd4996cb3dc -> 
  custom:framework-win-MediaFoundation: 216162199b28c13a410421893ffa2e32 -> 
  custom:container-demuxer-webm: 4f35f7cbe854078d1ac9338744f61a02 -> 
  custom:container-muxer-webm: aa71ff27fc2769a1b78a27578f13a17b -> 
  custom:video-decoder-webm-vp8: 9c59270c3fd7afecdb556c50c9e8de78 -> 
  custom:AudioImporter_EditorPlatform: d09bf68614088b80899f8185d706f6e7 -> 
  custom:video-encoder-webm-vp8: eb34c28f22e8b96e1ab97ce403110664 -> 
  custom:audio-decoder-ogg-vorbis: bf7c407c2cedff20999df2af8eb42d56 -> 
  custom:audio-encoder-webm-vorbis: bf7c407c2cedff20999df2af8eb42d56 -> 
========================================================================
Received Import Request.
  Time since last request: 151.336682 seconds.
  path: Assets/OculusVRHands/Presets/LeftHand.preset
  artifactKey: Guid(44f4ef816acffad4283d5920cf0249c9) Importer(815301076,1909f56bfc062723c751e8b465ee728b)
Start importing Assets/OculusVRHands/Presets/LeftHand.preset using Guid(44f4ef816acffad4283d5920cf0249c9) Importer(815301076,1909f56bfc062723c751e8b465ee728b)  -> (artifact id: 'c238509a872e4bc7eb81c227add505ab') in 0.019316 seconds
Number of updated asset objects reloaded before import = 0
Number of asset objects unloaded after import = 2
========================================================================
Received Import Request.
  Time since last request: 0.650719 seconds.
  path: Assets/OculusVRHands/Models/HandMaterial.mat
  artifactKey: Guid(cc8c9e8a516866042b69a6919d0ab885) Importer(815301076,1909f56bfc062723c751e8b465ee728b)
Start importing Assets/OculusVRHands/Models/HandMaterial.mat using Guid(cc8c9e8a516866042b69a6919d0ab885) Importer(815301076,1909f56bfc062723c751e8b465ee728b)  -> (artifact id: 'ce8e6bd94dfab42ee60d81a164b86317') in 0.084605 seconds
Number of updated asset objects reloaded before import = 0
Number of asset objects unloaded after import = 1
========================================================================
Received Import Request.
  Time since last request: 0.000020 seconds.
  path: Assets/OculusVRHands/Models/l_hand_skeletal_lowres.fbx
  artifactKey: Guid(d2c7dd0e987365a4383ebd50b9d1390f) Importer(815301076,1909f56bfc062723c751e8b465ee728b)
Start importing Assets/OculusVRHands/Models/l_hand_skeletal_lowres.fbx using Guid(d2c7dd0e987365a4383ebd50b9d1390f) Importer(815301076,1909f56bfc062723c751e8b465ee728b)  -> (artifact id: '3d28222bea2e0ae6bdf4eaeaa1fdd82b') in 0.086801 seconds
Number of updated asset objects reloaded before import = 0
Number of asset objects unloaded after import = 64
========================================================================
Received Import Request.
  Time since last request: 5.625135 seconds.
  path: Assets/OculusVRHands/Materials/Hands_solid.mat
  artifactKey: Guid(1dd23902932e5c140978ada8127cdd81) Importer(815301076,1909f56bfc062723c751e8b465ee728b)
Start importing Assets/OculusVRHands/Materials/Hands_solid.mat using Guid(1dd23902932e5c140978ada8127cdd81) Importer(815301076,1909f56bfc062723c751e8b465ee728b)  -> (artifact id: '2add15d333d603bdd0363dd9a05d0885') in 0.024257 seconds
Number of updated asset objects reloaded before import = 0
Number of asset objects unloaded after import = 1
========================================================================
Received Import Request.
  Time since last request: 0.000022 seconds.
  path: Assets/OculusVRHands/Materials/Hands_transparent.mat
  artifactKey: Guid(944feb076639a4d39b750e3cb5d7dfab) Importer(815301076,1909f56bfc062723c751e8b465ee728b)
Start importing Assets/OculusVRHands/Materials/Hands_transparent.mat using Guid(944feb076639a4d39b750e3cb5d7dfab) Importer(815301076,1909f56bfc062723c751e8b465ee728b)  -> (artifact id: '652fb807f688733e3ef18932fc4d5428') in 0.141310 seconds
Number of updated asset objects reloaded before import = 0
Number of asset objects unloaded after import = 2
========================================================================
Received Import Request.
  Time since last request: 0.806833 seconds.
  path: Assets/OculusVRHands/Animations/l_hand_cap_touch_anim.fbx
  artifactKey: Guid(16a87db82a90e2b40986857ee65aea51) Importer(815301076,1909f56bfc062723c751e8b465ee728b)
Start importing Assets/OculusVRHands/Animations/l_hand_cap_touch_anim.fbx using Guid(16a87db82a90e2b40986857ee65aea51) Importer(815301076,1909f56bfc062723c751e8b465ee728b)  -> (artifact id: '587421998fbd74c389f8339a6721955e') in 0.006356 seconds
Number of updated asset objects reloaded before import = 0
Number of asset objects unloaded after import = 55
========================================================================
Received Import Request.
  Time since last request: 0.006201 seconds.
  path: Assets/OculusVRHands/Animations/l_hand_fist_anim.fbx
  artifactKey: Guid(0de720cdcdff5b34a955d0dfafdcc5c9) Importer(815301076,1909f56bfc062723c751e8b465ee728b)
Start importing Assets/OculusVRHands/Animations/l_hand_fist_anim.fbx using Guid(0de720cdcdff5b34a955d0dfafdcc5c9) Importer(815301076,1909f56bfc062723c751e8b465ee728b)  -> (artifact id: 'b19b6235b4f849f1b5ef011da749b26b') in 0.015325 seconds
Number of updated asset objects reloaded before import = 0
Number of asset objects unloaded after import = 55
========================================================================
Received Import Request.
  Time since last request: 0.010917 seconds.
  path: Assets/OculusVRHands/Animations/l_hand_hold_ping_pong_ball_anim.fbx
  artifactKey: Guid(a49c22e69aed68a4e9c458fe4276065c) Importer(815301076,1909f56bfc062723c751e8b465ee728b)
Start importing Assets/OculusVRHands/Animations/l_hand_hold_ping_pong_ball_anim.fbx using Guid(a49c22e69aed68a4e9c458fe4276065c) Importer(815301076,1909f56bfc062723c751e8b465ee728b)  -> (artifact id: 'd6ab43a121ebaa9560948bc066ddaf42') in 0.007202 seconds
Number of updated asset objects reloaded before import = 0
Number of asset objects unloaded after import = 55
========================================================================
Received Import Request.
  Time since last request: 0.000021 seconds.
  path: Assets/OculusVRHands/Animations/r_hand_squirtgun_hold.fbx
  artifactKey: Guid(da9d238ccd8894d5bad0dbb14cf41280) Importer(815301076,1909f56bfc062723c751e8b465ee728b)
Start importing Assets/OculusVRHands/Animations/r_hand_squirtgun_hold.fbx using Guid(da9d238ccd8894d5bad0dbb14cf41280) Importer(815301076,1909f56bfc062723c751e8b465ee728b)  -> (artifact id: '7d98bc30942ae810c9137e88fde6fc05') in 0.016251 seconds
Number of updated asset objects reloaded before import = 0
Number of asset objects unloaded after import = 57
========================================================================
Received Import Request.
  Time since last request: 0.000021 seconds.
  path: Assets/OculusVRHands/Animations/old_l_hand_pinch_anim.fbx
  artifactKey: Guid(e7d2f46c372333a47a3d2cb064903562) Importer(815301076,1909f56bfc062723c751e8b465ee728b)
Start importing Assets/OculusVRHands/Animations/old_l_hand_pinch_anim.fbx using Guid(e7d2f46c372333a47a3d2cb064903562) Importer(815301076,1909f56bfc062723c751e8b465ee728b)  -> (artifact id: '7043141e01ade3bdc40e56224a09eca3') in 0.005761 seconds
Number of updated asset objects reloaded before import = 0
Number of asset objects unloaded after import = 57
========================================================================
Received Import Request.
  Time since last request: 0.000027 seconds.
  path: Assets/OculusVRHands/Animations/r_hand_default_anim.fbx
  artifactKey: Guid(3d1e1cfd1105a7e4789dd83c61df2192) Importer(815301076,1909f56bfc062723c751e8b465ee728b)
Start importing Assets/OculusVRHands/Animations/r_hand_default_anim.fbx using Guid(3d1e1cfd1105a7e4789dd83c61df2192) Importer(815301076,1909f56bfc062723c751e8b465ee728b)  -> (artifact id: '385519300dc0e7d9a4e140e946d724d7') in 0.010453 seconds
Number of updated asset objects reloaded before import = 0
Number of asset objects unloaded after import = 57
========================================================================
Received Import Request.
  Time since last request: 0.000026 seconds.
  path: Assets/OculusVRHands/Animations/r_hand_relax_3qtr_fist_anim.fbx
  artifactKey: Guid(649ee9096089b1342bee9132e3ccc8bd) Importer(815301076,1909f56bfc062723c751e8b465ee728b)
Start importing Assets/OculusVRHands/Animations/r_hand_relax_3qtr_fist_anim.fbx using Guid(649ee9096089b1342bee9132e3ccc8bd) Importer(815301076,1909f56bfc062723c751e8b465ee728b)  -> (artifact id: 'cd394e9a33afa7e942b646bd581b9baf') in 0.014287 seconds
Number of updated asset objects reloaded before import = 0
Number of asset objects unloaded after import = 55
========================================================================
Received Import Request.
  Time since last request: 0.000027 seconds.
  path: Assets/OculusVRHands/Animations/r_hand_hold_ping_pong_ball_anim.fbx
  artifactKey: Guid(7bf81deb4ead62e4c9de1e69bb491c00) Importer(815301076,1909f56bfc062723c751e8b465ee728b)
Start importing Assets/OculusVRHands/Animations/r_hand_hold_ping_pong_ball_anim.fbx using Guid(7bf81deb4ead62e4c9de1e69bb491c00) Importer(815301076,1909f56bfc062723c751e8b465ee728b)  -> (artifact id: 'c821364ae54da9f48802b3dd7e6ac450') in 0.009460 seconds
Number of updated asset objects reloaded before import = 0
Number of asset objects unloaded after import = 55
========================================================================
Received Import Request.
  Time since last request: 0.000028 seconds.
  path: Assets/OculusVRHands/Animations/l_hand_point_anim.fbx
  artifactKey: Guid(7a701167f3382f3469c311bb308142af) Importer(815301076,1909f56bfc062723c751e8b465ee728b)
Start importing Assets/OculusVRHands/Animations/l_hand_point_anim.fbx using Guid(7a701167f3382f3469c311bb308142af) Importer(815301076,1909f56bfc062723c751e8b465ee728b)  -> (artifact id: '29e1f6bb289f72647b8871227878d3e3') in 0.008803 seconds
Number of updated asset objects reloaded before import = 0
Number of asset objects unloaded after import = 55
========================================================================
Received Import Request.
  Time since last request: 0.000054 seconds.
  path: Assets/OculusVRHands/Animations/r_hand_thumbs_up_anim.fbx
  artifactKey: Guid(367eacd8142e4ca478642189323d9cee) Importer(815301076,1909f56bfc062723c751e8b465ee728b)
Start importing Assets/OculusVRHands/Animations/r_hand_thumbs_up_anim.fbx using Guid(367eacd8142e4ca478642189323d9cee) Importer(815301076,1909f56bfc062723c751e8b465ee728b)  -> (artifact id: 'e1f6d457833fd95ecada2d9f3b3d4409') in 0.008617 seconds
Number of updated asset objects reloaded before import = 0
Number of asset objects unloaded after import = 55
========================================================================
Received Import Request.
  Time since last request: 0.000024 seconds.
  path: Assets/OculusVRHands/Animations/l_hand_hold_l_controller_anim.fbx
  artifactKey: Guid(f29e0ae9b6aa173489854687db6a05bf) Importer(815301076,1909f56bfc062723c751e8b465ee728b)
Start importing Assets/OculusVRHands/Animations/l_hand_hold_l_controller_anim.fbx using Guid(f29e0ae9b6aa173489854687db6a05bf) Importer(815301076,1909f56bfc062723c751e8b465ee728b)  -> (artifact id: '67aaa6e8ee6a501d165b1586ebeb54ef') in 0.007550 seconds
Number of updated asset objects reloaded before import = 0
Number of asset objects unloaded after import = 57
========================================================================
Received Import Request.
  Time since last request: 0.000040 seconds.
  path: Assets/OculusVRHands/Animations/l_hand_squirtgun_squeeze.fbx
  artifactKey: Guid(808dcbebdf91d4538b1a35ab4f5a5684) Importer(815301076,1909f56bfc062723c751e8b465ee728b)
Start importing Assets/OculusVRHands/Animations/l_hand_squirtgun_squeeze.fbx using Guid(808dcbebdf91d4538b1a35ab4f5a5684) Importer(815301076,1909f56bfc062723c751e8b465ee728b)  -> (artifact id: '256422740ebc56d83a3d5c6c30f41706') in 0.007001 seconds
Number of updated asset objects reloaded before import = 0
Number of asset objects unloaded after import = 57
========================================================================
Received Import Request.
  Time since last request: 0.000018 seconds.
  path: Assets/OculusVRHands/Animations/l_hand_default_anim.fbx
  artifactKey: Guid(61b0f1392f44faf498462b9b1cb79773) Importer(815301076,1909f56bfc062723c751e8b465ee728b)
Start importing Assets/OculusVRHands/Animations/l_hand_default_anim.fbx using Guid(61b0f1392f44faf498462b9b1cb79773) Importer(815301076,1909f56bfc062723c751e8b465ee728b)  -> (artifact id: '4de2a67d49b2479df4358259264825cd') in 0.005287 seconds
Number of updated asset objects reloaded before import = 0
Number of asset objects unloaded after import = 57
========================================================================
Received Import Request.
  Time since last request: 0.000036 seconds.
  path: Assets/OculusVRHands/Animations/l_hand_pinch_anim.fbx
  artifactKey: Guid(789c497f7c9b8b34bb143474d7133783) Importer(815301076,1909f56bfc062723c751e8b465ee728b)
Start importing Assets/OculusVRHands/Animations/l_hand_pinch_anim.fbx using Guid(789c497f7c9b8b34bb143474d7133783) Importer(815301076,1909f56bfc062723c751e8b465ee728b)  -> (artifact id: '07f8b4ad498d5b19550080aca2005747') in 0.005502 seconds
Number of updated asset objects reloaded before import = 0
Number of asset objects unloaded after import = 57
========================================================================
Received Import Request.
  Time since last request: 0.000014 seconds.
  path: Assets/OculusVRHands/Animations/l_hand_hold_generic_anim.fbx
  artifactKey: Guid(b8943b5ee74fcd945a2746d0051466cd) Importer(815301076,1909f56bfc062723c751e8b465ee728b)
Start importing Assets/OculusVRHands/Animations/l_hand_hold_generic_anim.fbx using Guid(b8943b5ee74fcd945a2746d0051466cd) Importer(815301076,1909f56bfc062723c751e8b465ee728b)  -> (artifact id: '544a82ee4e839a7042dc12f2844fd26c') in 0.005588 seconds
Number of updated asset objects reloaded before import = 0
Number of asset objects unloaded after import = 55
========================================================================
Received Import Request.
  Time since last request: 0.000016 seconds.
  path: Assets/OculusVRHands/Animations/r_hand_cap_touch_anim.fbx
  artifactKey: Guid(e20fcbe7f2c351b4096e9fc3f6a320ae) Importer(815301076,1909f56bfc062723c751e8b465ee728b)
Start importing Assets/OculusVRHands/Animations/r_hand_cap_touch_anim.fbx using Guid(e20fcbe7f2c351b4096e9fc3f6a320ae) Importer(815301076,1909f56bfc062723c751e8b465ee728b)  -> (artifact id: 'debb64c820022adcc22f9954234a4681') in 0.003628 seconds
Number of updated asset objects reloaded before import = 0
Number of asset objects unloaded after import = 55
========================================================================
Received Import Request.
  Time since last request: 0.000016 seconds.
  path: Assets/OculusVRHands/Animations/l_hand_relax_3qtr_fist_anim.fbx
  artifactKey: Guid(79e0d96a3e30fec46a930ab7dd95ef5f) Importer(815301076,1909f56bfc062723c751e8b465ee728b)
Start importing Assets/OculusVRHands/Animations/l_hand_relax_3qtr_fist_anim.fbx using Guid(79e0d96a3e30fec46a930ab7dd95ef5f) Importer(815301076,1909f56bfc062723c751e8b465ee728b)  -> (artifact id: '06fc17cc668e222b8b256112794608af') in 0.003392 seconds
Number of updated asset objects reloaded before import = 0
Number of asset objects unloaded after import = 55
========================================================================
Received Import Request.
  Time since last request: 0.000017 seconds.
  path: Assets/OculusVRHands/Animations/r_hand_relax_mid_fist_anim.fbx
  artifactKey: Guid(3c1e2504e79f7a242a8a0c8a4add2578) Importer(815301076,1909f56bfc062723c751e8b465ee728b)
Start importing Assets/OculusVRHands/Animations/r_hand_relax_mid_fist_anim.fbx using Guid(3c1e2504e79f7a242a8a0c8a4add2578) Importer(815301076,1909f56bfc062723c751e8b465ee728b)  -> (artifact id: '30f9a7e67ae187b1c16c76cb535650c6') in 0.003377 seconds
Number of updated asset objects reloaded before import = 0
Number of asset objects unloaded after import = 55
========================================================================
Received Import Request.
  Time since last request: 3.356260 seconds.
  path: Assets/OculusVRHands/Textures/noise_01.png
  artifactKey: Guid(8316c649b12f4485c811d707f6316577) Importer(815301076,1909f56bfc062723c751e8b465ee728b)
Start importing Assets/OculusVRHands/Textures/noise_01.png using Guid(8316c649b12f4485c811d707f6316577) Importer(815301076,1909f56bfc062723c751e8b465ee728b)  -> (artifact id: '145d36bcc6d013cb35d7d57528bbe81c') in 0.070173 seconds
Number of updated asset objects reloaded before import = 0
Number of asset objects unloaded after import = 2
========================================================================
Received Import Request.
  Time since last request: 0.000296 seconds.
  path: Assets/OculusVRHands/Textures/ramp_toon_01.png
  artifactKey: Guid(c4cf0408250b84759ab0fdfe3f3d5501) Importer(815301076,1909f56bfc062723c751e8b465ee728b)
Start importing Assets/OculusVRHands/Textures/ramp_toon_01.png using Guid(c4cf0408250b84759ab0fdfe3f3d5501) Importer(815301076,1909f56bfc062723c751e8b465ee728b)  -> (artifact id: '23ab10c0f29f9be5397e58278d20c9e4') in 0.023027 seconds
Number of updated asset objects reloaded before import = 0
Number of asset objects unloaded after import = 2
========================================================================
Received Import Request.
  Time since last request: 2.234176 seconds.
  path: Assets/OculusVRHands/CustomHandRight.prefab
  artifactKey: Guid(ba1fa4a8c66106b4988c88fe4b8e8502) Importer(815301076,1909f56bfc062723c751e8b465ee728b)
Start importing Assets/OculusVRHands/CustomHandRight.prefab using Guid(ba1fa4a8c66106b4988c88fe4b8e8502) Importer(815301076,1909f56bfc062723c751e8b465ee728b)  -> (artifact id: 'c0295fc0ef0d58850e1913dc6a99c350') in 0.094216 seconds
Internal: There are remaining Allocations on the JobTempAlloc. This is a leak, and will impact performance
To Debug, run app with -diag-job-temp-memory-leak-validation cmd line argument. This will output the callstacks of the leaked allocations.
Number of updated asset objects reloaded before import = 0
Number of asset objects unloaded after import = 181
========================================================================
Received Prepare
Begin MonoManager ReloadAssembly
- Loaded All Assemblies, in  0.907 seconds
Refreshing native plugins compatible for Editor in 35.77 ms, found 12 plugins.
Native extension for WindowsStandalone target not found
[Package Manager] Server::EnsureServerProcessIsRunning -- launch failed, reason: Unity was launched with the -noUpm command-line argument
[Package Manager] UpmClient::Send -- Unable to send message (not connected to UPM process).
[Package Manager] Cannot connect to Unity Package Manager local server
System.Reflection.TargetInvocationException: Exception has been thrown by the target of an invocation. ---> System.NullReferenceException: Object reference not set to an instance of an object
  at Unity.XR.Oculus.OculusLoader.AssetPathToAbsolutePath (System.String assetPath) [0x0003d] in .\Library\PackageCache\com.unity.xr.oculus@4.0.0\Runtime\OculusLoader.cs:282 
  at Unity.XR.Oculus.OculusLoader.EditorLoadOVRPlugin () [0x0007b] in .\Library\PackageCache\com.unity.xr.oculus@4.0.0\Runtime\OculusLoader.cs:267 
  at (wrapper managed-to-native) System.Reflection.RuntimeMethodInfo.InternalInvoke(System.Reflection.RuntimeMethodInfo,object,object[],System.Exception&)
  at System.Reflection.RuntimeMethodInfo.Invoke (System.Object obj, System.Reflection.BindingFlags invokeAttr, System.Reflection.Binder binder, System.Object[] parameters, System.Globalization.CultureInfo culture) [0x0006a] in <605bf8b31fcb444b85176da963870aa7>:0 
   --- End of inner exception stack trace ---
  at System.Reflection.RuntimeMethodInfo.Invoke (System.Object obj, System.Reflection.BindingFlags invokeAttr, System.Reflection.Binder binder, System.Object[] parameters, System.Globalization.CultureInfo culture) [0x00083] in <605bf8b31fcb444b85176da963870aa7>:0 
  at System.Reflection.MethodBase.Invoke (System.Object obj, System.Object[] parameters) [0x00000] in <605bf8b31fcb444b85176da963870aa7>:0 
  at UnityEditor.EditorAssemblies.ProcessInitializeOnLoadMethodAttributes () [0x000a5] in <0cbf2453ffe348b8bff59f7f22a27d4b>:0 
UnityEngine.StackTraceUtility:ExtractStackTrace ()
UnityEngine.DebugLogHandler:LogFormat (UnityEngine.LogType,UnityEngine.Object,string,object[])
UnityEngine.Logger:Log (UnityEngine.LogType,object)
UnityEngine.Debug:LogError (object)
UnityEditor.EditorAssemblies:ProcessInitializeOnLoadMethodAttributes ()

Mono: successfully reloaded assembly
[Package Manager] Server::EnsureServerProcessIsRunning -- launch failed, reason: Unity was launched with the -noUpm command-line argument
[Package Manager] UpmClient::Send -- Unable to send message (not connected to UPM process).
[Package Manager] Cannot connect to Unity Package Manager local server
- Finished resetting the current domain, in  1.007 seconds
Domain Reload Profiling: 1910ms
	BeginReloadAssembly (149ms)
		ExecutionOrderSort (0ms)
		DisableScriptedObjects (4ms)
		BackupInstance (0ms)
		ReleaseScriptingObjects (0ms)
		CreateAndSetChildDomain (47ms)
	RebuildCommonClasses (31ms)
	RebuildNativeTypeToScriptingClass (11ms)
	initialDomainReloadingComplete (33ms)
	LoadAllAssembliesAndSetupDomain (678ms)
		LoadAssemblies (342ms)
		RebuildTransferFunctionScriptingTraits (0ms)
		AnalyzeDomain (380ms)
			TypeCache.Refresh (361ms)
				TypeCache.ScanAssembly (341ms)
			ScanForSourceGeneratedMonoScriptInfo (10ms)
			ResolveRequiredComponents (10ms)
	FinalizeReload (1007ms)
		ReleaseScriptCaches (0ms)
		RebuildScriptCaches (0ms)
		SetupLoadedEditorAssemblies (400ms)
			LogAssemblyErrors (0ms)
			InitializePlatformSupportModulesInManaged (6ms)
			SetLoadedEditorAssemblies (5ms)
			RefreshPlugins (0ms)
			BeforeProcessingInitializeOnLoad (71ms)
			ProcessInitializeOnLoadAttributes (264ms)
			ProcessInitializeOnLoadMethodAttributes (43ms)
			AfterProcessingInitializeOnLoad (11ms)
			EditorAssembliesLoaded (0ms)
		ExecutionOrderSort2 (0ms)
		AwakeInstancesAfterBackupRestoration (9ms)
Refreshing native plugins compatible for Editor in 12.09 ms, found 12 plugins.
Preloading 1 native plugins for Editor in 0.06 ms.
Unloading 4302 Unused Serialized files (Serialized files now loaded: 0)
Unloading 54 unused Assets / (47.8 KB). Loaded Objects now: 4865.
Memory consumption went from 164.9 MB to 164.9 MB.
Total: 3.903300 ms (FindLiveObjects: 0.292200 ms CreateObjectMapping: 0.163200 ms MarkObjects: 3.344000 ms  DeleteObjects: 0.102300 ms)

Prepare: number of updated asset objects reloaded= 0
AssetImportParameters requested are different than current active one (requested -> active):
  custom:container-demuxer-ogg: 62fdf1f143b41e24485cea50d1cbac27 -> 
  custom:video-codec-MediaFoundation-h265: 746d11721c4dcdbdad8f713fa42b33f4 -> 
  custom:video-decoder-ogg-theora: a1e56fd34408186e4bbccfd4996cb3dc -> 
  custom:framework-win-MediaFoundation: 216162199b28c13a410421893ffa2e32 -> 
  custom:container-demuxer-webm: 4f35f7cbe854078d1ac9338744f61a02 -> 
  custom:container-muxer-webm: aa71ff27fc2769a1b78a27578f13a17b -> 
  custom:video-decoder-webm-vp8: 9c59270c3fd7afecdb556c50c9e8de78 -> 
  custom:AudioImporter_EditorPlatform: d09bf68614088b80899f8185d706f6e7 -> 
  custom:video-encoder-webm-vp8: eb34c28f22e8b96e1ab97ce403110664 -> 
  custom:audio-decoder-ogg-vorbis: bf7c407c2cedff20999df2af8eb42d56 -> 
  custom:audio-encoder-webm-vorbis: bf7c407c2cedff20999df2af8eb42d56 -> 
========================================================================
Received Import Request.
  Time since last request: 580.705365 seconds.
  path: Assets/LowPolyAlienWorld/Materials/Colors3.mat
  artifactKey: Guid(4457d4214ef7ac1468876f8f30174519) Importer(815301076,1909f56bfc062723c751e8b465ee728b)
Start importing Assets/LowPolyAlienWorld/Materials/Colors3.mat using Guid(4457d4214ef7ac1468876f8f30174519) Importer(815301076,1909f56bfc062723c751e8b465ee728b)  -> (artifact id: '13688c4331b9b6b4dbfffd0c78001580') in 0.115464 seconds
Number of updated asset objects reloaded before import = 0
Number of asset objects unloaded after import = 2
========================================================================
Received Import Request.
  Time since last request: 0.000032 seconds.
  path: Assets/Samples/XR Interaction Toolkit/2.3.2/Starter Assets/Models/Primitive_Torus.fbx
  artifactKey: Guid(f077c919501a44778a0c2edb6eb1a54a) Importer(815301076,1909f56bfc062723c751e8b465ee728b)
Start importing Assets/Samples/XR Interaction Toolkit/2.3.2/Starter Assets/Models/Primitive_Torus.fbx using Guid(f077c919501a44778a0c2edb6eb1a54a) Importer(815301076,1909f56bfc062723c751e8b465ee728b)  -> (artifact id: 'dba31be845ed7278ba0a6b113d0d6ac2') in 0.082545 seconds
Number of updated asset objects reloaded before import = 0
Number of asset objects unloaded after import = 8
========================================================================
Received Import Request.
  Time since last request: 0.000022 seconds.
  path: Assets/Samples/XR Interaction Toolkit/2.3.2/Starter Assets/Models/Primitive_Pyramid.fbx
  artifactKey: Guid(63e02ddb08ce42da868504e1333d48ae) Importer(815301076,1909f56bfc062723c751e8b465ee728b)
Start importing Assets/Samples/XR Interaction Toolkit/2.3.2/Starter Assets/Models/Primitive_Pyramid.fbx using Guid(63e02ddb08ce42da868504e1333d48ae) Importer(815301076,1909f56bfc062723c751e8b465ee728b)  -> (artifact id: 'ee96113867eb2c0282a7d85916581ee6') in 0.035361 seconds
Number of updated asset objects reloaded before import = 0
Number of asset objects unloaded after import = 8
========================================================================
Received Import Request.
  Time since last request: 3.576888 seconds.
  path: Assets/Free Demo of Low Poly Space Alien Worlds 3D Asset Pack/Models/Space Forest/SP_Rocks/SP_Rock04.fbx
  artifactKey: Guid(024b8d2d7c890eb4ebcc0408ea2cd963) Importer(815301076,1909f56bfc062723c751e8b465ee728b)
Start importing Assets/Free Demo of Low Poly Space Alien Worlds 3D Asset Pack/Models/Space Forest/SP_Rocks/SP_Rock04.fbx using Guid(024b8d2d7c890eb4ebcc0408ea2cd963) Importer(815301076,1909f56bfc062723c751e8b465ee728b)  -> (artifact id: 'c55a62ac3552c68ab48f1eb722f70a0c') in 0.144993 seconds
Number of updated asset objects reloaded before import = 0
Number of asset objects unloaded after import = 9
========================================================================
Received Import Request.
  Time since last request: 0.000032 seconds.
  path: Assets/Free Demo of Low Poly Space Alien Worlds 3D Asset Pack/Models/Space Forest/SP_Rocks/SP_Rock06.fbx
  artifactKey: Guid(732db39126b75fa448cd5e6276e1580c) Importer(815301076,1909f56bfc062723c751e8b465ee728b)
Start importing Assets/Free Demo of Low Poly Space Alien Worlds 3D Asset Pack/Models/Space Forest/SP_Rocks/SP_Rock06.fbx using Guid(732db39126b75fa448cd5e6276e1580c) Importer(815301076,1909f56bfc062723c751e8b465ee728b)  -> (artifact id: '981ab492e1dda572819c2f3037202969') in 0.036996 seconds
Number of updated asset objects reloaded before import = 0
Number of asset objects unloaded after import = 9
========================================================================
Received Import Request.
  Time since last request: 39.990124 seconds.
  path: Assets/Samples/XR Interaction Toolkit/2.3.2/Starter Assets/Models/XRControllerLeft.fbx
  artifactKey: Guid(be3083a5f26d4e859d594ecbe632f87e) Importer(815301076,1909f56bfc062723c751e8b465ee728b)
Start importing Assets/Samples/XR Interaction Toolkit/2.3.2/Starter Assets/Models/XRControllerLeft.fbx using Guid(be3083a5f26d4e859d594ecbe632f87e) Importer(815301076,1909f56bfc062723c751e8b465ee728b)  -> (artifact id: 'fd231813324a87a7465aae7e3dc3e7f4') in 0.149153 seconds
Number of updated asset objects reloaded before import = 0
Number of asset objects unloaded after import = 52
========================================================================
Received Import Request.
  Time since last request: 1.831565 seconds.
  path: Assets/LowPolyAlienWorld/Flora/SmallPlant_01.fbx
  artifactKey: Guid(53543d15a196e904c85c037b5cfb3ec5) Importer(815301076,1909f56bfc062723c751e8b465ee728b)
Start importing Assets/LowPolyAlienWorld/Flora/SmallPlant_01.fbx using Guid(53543d15a196e904c85c037b5cfb3ec5) Importer(815301076,1909f56bfc062723c751e8b465ee728b)  -> (artifact id: '49af99983aa444f6889c4cca20fdfa8c') in 0.061226 seconds
Number of updated asset objects reloaded before import = 0
Number of asset objects unloaded after import = 7
========================================================================
Received Import Request.
  Time since last request: 0.097873 seconds.
  path: Assets/LowPolyAlienWorld/Flora/BigPlant_06.fbx
  artifactKey: Guid(38f05b069888ded45bee07a00a36d471) Importer(815301076,1909f56bfc062723c751e8b465ee728b)
Start importing Assets/LowPolyAlienWorld/Flora/BigPlant_06.fbx using Guid(38f05b069888ded45bee07a00a36d471) Importer(815301076,1909f56bfc062723c751e8b465ee728b)  -> (artifact id: 'd18a7863cd9a1176e50a62dd7ec410db') in 0.109288 seconds
Number of updated asset objects reloaded before import = 0
Number of asset objects unloaded after import = 15
========================================================================
Received Import Request.
  Time since last request: 0.830932 seconds.
  path: Assets/LowPolyAlienWorld/Flora/BigPlant_03.fbx
  artifactKey: Guid(b239787ab48e00f4594022d7e76a6a57) Importer(815301076,1909f56bfc062723c751e8b465ee728b)
Start importing Assets/LowPolyAlienWorld/Flora/BigPlant_03.fbx using Guid(b239787ab48e00f4594022d7e76a6a57) Importer(815301076,1909f56bfc062723c751e8b465ee728b)  -> (artifact id: '4ec0404ca3ef449f7283cf7eebd18c4e') in 0.065625 seconds
Number of updated asset objects reloaded before import = 0
Number of asset objects unloaded after import = 7
========================================================================
Received Import Request.
  Time since last request: 1.472223 seconds.
  path: Assets/LowPolyAlienWorld/Rocks/RockFormation_07.fbx
  artifactKey: Guid(8cf77b90691714542ab166976e4e31f7) Importer(815301076,1909f56bfc062723c751e8b465ee728b)
Start importing Assets/LowPolyAlienWorld/Rocks/RockFormation_07.fbx using Guid(8cf77b90691714542ab166976e4e31f7) Importer(815301076,1909f56bfc062723c751e8b465ee728b)  -> (artifact id: '611fb2462f0e0372461fa3229f1b4f67') in 0.063945 seconds
Number of updated asset objects reloaded before import = 0
Number of asset objects unloaded after import = 8
========================================================================
Received Import Request.
  Time since last request: 0.590079 seconds.
  path: Assets/LowPolyAlienWorld/Flora/Tenticles_01.fbx
  artifactKey: Guid(ec55ac038e536864295d9fe81cbce0d6) Importer(815301076,1909f56bfc062723c751e8b465ee728b)
Start importing Assets/LowPolyAlienWorld/Flora/Tenticles_01.fbx using Guid(ec55ac038e536864295d9fe81cbce0d6) Importer(815301076,1909f56bfc062723c751e8b465ee728b)  -> (artifact id: '0349990f054bfc6892d1ee95f068aa7c') in 0.068512 seconds
Number of updated asset objects reloaded before import = 0
Number of asset objects unloaded after import = 8
========================================================================
Received Import Request.
  Time since last request: 0.052416 seconds.
  path: Assets/SimpleSky/Models/Cloud_02.fbx
  artifactKey: Guid(c943ee3841fcbd94d9630c5e4529b603) Importer(815301076,1909f56bfc062723c751e8b465ee728b)
Start importing Assets/SimpleSky/Models/Cloud_02.fbx using Guid(c943ee3841fcbd94d9630c5e4529b603) Importer(815301076,1909f56bfc062723c751e8b465ee728b)  -> (artifact id: 'd333a2fd3ff1b43df1a4ef6fa6a2d22f') in 0.037092 seconds
Number of updated asset objects reloaded before import = 0
Number of asset objects unloaded after import = 7
========================================================================
Received Import Request.
  Time since last request: 0.028595 seconds.
  path: Assets/SimpleSky/Models/Cloud_04.fbx
  artifactKey: Guid(5df7daeab707230409664c66ca47c5ad) Importer(815301076,1909f56bfc062723c751e8b465ee728b)
Start importing Assets/SimpleSky/Models/Cloud_04.fbx using Guid(5df7daeab707230409664c66ca47c5ad) Importer(815301076,1909f56bfc062723c751e8b465ee728b)  -> (artifact id: '0c7de3d3dc84154bb59687479e52e7b0') in 0.034974 seconds
Number of updated asset objects reloaded before import = 0
Number of asset objects unloaded after import = 7
========================================================================
Received Import Request.
  Time since last request: 1.086324 seconds.
  path: Assets/SimpleSky/Models/Cloud_06.fbx
  artifactKey: Guid(9eee4a1abc7933341a548cf4c5fa26cb) Importer(815301076,1909f56bfc062723c751e8b465ee728b)
Start importing Assets/SimpleSky/Models/Cloud_06.fbx using Guid(9eee4a1abc7933341a548cf4c5fa26cb) Importer(815301076,1909f56bfc062723c751e8b465ee728b)  -> (artifact id: '2591e97472f2cf252568adebabd2b669') in 0.072441 seconds
Number of updated asset objects reloaded before import = 0
Number of asset objects unloaded after import = 7
========================================================================
Received Import Request.
  Time since last request: 0.733228 seconds.
  path: Assets/LowPolyAlienWorld/Rocks/RockFormation_02.fbx
  artifactKey: Guid(d9e1184cd1f94b9469b0c4c593ae1776) Importer(815301076,1909f56bfc062723c751e8b465ee728b)
Start importing Assets/LowPolyAlienWorld/Rocks/RockFormation_02.fbx using Guid(d9e1184cd1f94b9469b0c4c593ae1776) Importer(815301076,1909f56bfc062723c751e8b465ee728b)  -> (artifact id: 'b4ab14ca7b854a435e81ce7da008eb6f') in 0.076800 seconds
Number of updated asset objects reloaded before import = 0
Number of asset objects unloaded after import = 8
========================================================================
Received Import Request.
  Time since last request: 0.641058 seconds.
  path: Assets/LowPolyAlienWorld/Rocks/BigRock_01.fbx
  artifactKey: Guid(5912b53bf0d76624baae1f24b66a5d94) Importer(815301076,1909f56bfc062723c751e8b465ee728b)
Start importing Assets/LowPolyAlienWorld/Rocks/BigRock_01.fbx using Guid(5912b53bf0d76624baae1f24b66a5d94) Importer(815301076,1909f56bfc062723c751e8b465ee728b)  -> (artifact id: 'ec9caeb8ac1aae624d1201c7826ead2e') in 0.071109 seconds
Number of updated asset objects reloaded before import = 0
Number of asset objects unloaded after import = 7
========================================================================
Received Import Request.
  Time since last request: 0.052151 seconds.
  path: Assets/LowPolyAlienWorld/Rocks/SmallRock_02.fbx
  artifactKey: Guid(9fabcefaf623d7a449bdf51b06b3aa3f) Importer(815301076,1909f56bfc062723c751e8b465ee728b)
Start importing Assets/LowPolyAlienWorld/Rocks/SmallRock_02.fbx using Guid(9fabcefaf623d7a449bdf51b06b3aa3f) Importer(815301076,1909f56bfc062723c751e8b465ee728b)  -> (artifact id: 'cfc306de71d7a4f20a17d8eaa427bdda') in 0.019489 seconds
Number of updated asset objects reloaded before import = 0
Number of asset objects unloaded after import = 7
========================================================================
Received Import Request.
  Time since last request: 7.192431 seconds.
  path: Assets/LowPolyAlienWorld/Rocks/RockFormation_03.fbx
  artifactKey: Guid(bf2b3a73418b1f346a01605e1749eb94) Importer(815301076,1909f56bfc062723c751e8b465ee728b)
Start importing Assets/LowPolyAlienWorld/Rocks/RockFormation_03.fbx using Guid(bf2b3a73418b1f346a01605e1749eb94) Importer(815301076,1909f56bfc062723c751e8b465ee728b)  -> (artifact id: '4af120474b9c369015ef85436b6c574f') in 0.086854 seconds
Number of updated asset objects reloaded before import = 0
Number of asset objects unloaded after import = 8
========================================================================
Received Import Request.
  Time since last request: 0.257339 seconds.
  path: Assets/LowPolyAlienWorld/Flora/Ground_baloon_01.fbx
  artifactKey: Guid(43b7ed9cee709bf4fbffb35ff2c1d5d1) Importer(815301076,1909f56bfc062723c751e8b465ee728b)
Start importing Assets/LowPolyAlienWorld/Flora/Ground_baloon_01.fbx using Guid(43b7ed9cee709bf4fbffb35ff2c1d5d1) Importer(815301076,1909f56bfc062723c751e8b465ee728b)  -> (artifact id: 'b7f427cb51bdaa8a896d3d8eafc53240') in 0.058625 seconds
Number of updated asset objects reloaded before import = 0
Number of asset objects unloaded after import = 7
========================================================================
Received Import Request.
  Time since last request: 11.548430 seconds.
  path: Assets/Free Demo of Low Poly Space Alien Worlds 3D Asset Pack/Models/Space Forest/SP_Rocks/SP_Rock09.fbx
  artifactKey: Guid(af244a8729bec8e43a50ef8604b5701b) Importer(815301076,1909f56bfc062723c751e8b465ee728b)
Start importing Assets/Free Demo of Low Poly Space Alien Worlds 3D Asset Pack/Models/Space Forest/SP_Rocks/SP_Rock09.fbx using Guid(af244a8729bec8e43a50ef8604b5701b) Importer(815301076,1909f56bfc062723c751e8b465ee728b)  -> (artifact id: 'f102bb296a60a63d3f9024253baa720a') in 0.088163 seconds
Number of updated asset objects reloaded before import = 0
Number of asset objects unloaded after import = 9
========================================================================
Received Import Request.
  Time since last request: 0.000026 seconds.
  path: Assets/Free Demo of Low Poly Space Alien Worlds 3D Asset Pack/Models/Space Forest/SP_Rocks/SP_Rock02.fbx
  artifactKey: Guid(28aab7cd4ce441f42a44e2fb72d976ab) Importer(815301076,1909f56bfc062723c751e8b465ee728b)
Start importing Assets/Free Demo of Low Poly Space Alien Worlds 3D Asset Pack/Models/Space Forest/SP_Rocks/SP_Rock02.fbx using Guid(28aab7cd4ce441f42a44e2fb72d976ab) Importer(815301076,1909f56bfc062723c751e8b465ee728b)  -> (artifact id: '342b9a9d8670b04c0b0e7e69478bbb60') in 0.065613 seconds
Number of updated asset objects reloaded before import = 0
Number of asset objects unloaded after import = 9
========================================================================
Received Import Request.
  Time since last request: 0.584535 seconds.
  path: Assets/Free Demo of Low Poly Space Alien Worlds 3D Asset Pack/Models/Space Forest/SP_Trees/SP_Tree04.fbx
  artifactKey: Guid(d31ffb30d0b47b4478856fedefa96c19) Importer(815301076,1909f56bfc062723c751e8b465ee728b)
Start importing Assets/Free Demo of Low Poly Space Alien Worlds 3D Asset Pack/Models/Space Forest/SP_Trees/SP_Tree04.fbx using Guid(d31ffb30d0b47b4478856fedefa96c19) Importer(815301076,1909f56bfc062723c751e8b465ee728b)  -> (artifact id: '392da1f93dded3601b3c9cf95cbf039c') in 0.104804 seconds
Number of updated asset objects reloaded before import = 0
Number of asset objects unloaded after import = 9
Editor requested this worker to shutdown with reason: Scaling down because of idle timeout
TcpMessagingSession - receive error: operation aborted. errorcode: 995, details: Lopration dentre/sortie a t abandonne en raison de larrt dun thread ou  la demande dune application.
AssetImportWorker is now disconnected from the server
Process exiting
Exiting without the bug reporter. Application will terminate with return code 0