Using pre-set license
Built from '2022.3/staging' branch; Version is '2022.3.3f1 (7cdc2969a641) revision 8182825'; Using compiler version '192829333'; Build Type 'Release'
OS: 'Windows 11  (10.0.22621) 64bit Professional' Language: 'fr' Physical Memory: 16036 MB
BatchMode: 1, IsHumanControllingUs: 0, StartBugReporterOnCrash: 0, Is64bit: 1, IsPro: 1

COMMAND LINE ARGUMENTS:
C:\Program Files\Unity\Hub\Editor\2022.3.3f1\Editor\Unity.exe
-adb2
-batchMode
-noUpm
-name
AssetImportWorker0
-projectPath
C:/Users/makyt/Documents/Cours/4A_SEMESTRE 7/Réalité Virtuelle/AstroBobVR/AstroBob
-logFile
Logs/AssetImportWorker0.log
-srvPort
64596
Successfully changed project path to: C:/Users/makyt/Documents/Cours/4A_SEMESTRE 7/Réalité Virtuelle/AstroBobVR/AstroBob
C:/Users/makyt/Documents/Cours/4A_SEMESTRE 7/Réalité Virtuelle/AstroBobVR/AstroBob
[UnityMemory] Configuration Parameters - Can be set up in boot.config
    "memorysetup-bucket-allocator-granularity=16"
    "memorysetup-bucket-allocator-bucket-count=8"
    "memorysetup-bucket-allocator-block-size=33554432"
    "memorysetup-bucket-allocator-block-count=8"
    "memorysetup-main-allocator-block-size=16777216"
    "memorysetup-thread-allocator-block-size=16777216"
    "memorysetup-gfx-main-allocator-block-size=16777216"
    "memorysetup-gfx-thread-allocator-block-size=16777216"
    "memorysetup-cache-allocator-block-size=4194304"
    "memorysetup-typetree-allocator-block-size=2097152"
    "memorysetup-profiler-bucket-allocator-granularity=16"
    "memorysetup-profiler-bucket-allocator-bucket-count=8"
    "memorysetup-profiler-bucket-allocator-block-size=33554432"
    "memorysetup-profiler-bucket-allocator-block-count=8"
    "memorysetup-profiler-allocator-block-size=16777216"
    "memorysetup-profiler-editor-allocator-block-size=1048576"
    "memorysetup-temp-allocator-size-main=16777216"
    "memorysetup-job-temp-allocator-block-size=2097152"
    "memorysetup-job-temp-allocator-block-size-background=1048576"
    "memorysetup-job-temp-allocator-reduction-small-platforms=262144"
    "memorysetup-allocator-temp-initial-block-size-main=262144"
    "memorysetup-allocator-temp-initial-block-size-worker=262144"
    "memorysetup-temp-allocator-size-background-worker=32768"
    "memorysetup-temp-allocator-size-job-worker=262144"
    "memorysetup-temp-allocator-size-preload-manager=33554432"
    "memorysetup-temp-allocator-size-nav-mesh-worker=65536"
    "memorysetup-temp-allocator-size-audio-worker=65536"
    "memorysetup-temp-allocator-size-cloud-worker=32768"
    "memorysetup-temp-allocator-size-gi-baking-worker=262144"
    "memorysetup-temp-allocator-size-gfx=262144"
Player connection [6660] Host "[IP] 10.0.0.14 [Port] 0 [Flags] 2 [Guid] 3603238536 [EditorId] 3603238536 [Version] 1048832 [Id] WindowsEditor(7,NewGate) [Debug] 1 [PackageName] WindowsEditor [ProjectName] Editor" joined multi-casting on [225.0.0.222:54997]...

Player connection [6660] Host "[IP] 10.0.0.14 [Port] 0 [Flags] 2 [Guid] 3603238536 [EditorId] 3603238536 [Version] 1048832 [Id] WindowsEditor(7,NewGate) [Debug] 1 [PackageName] WindowsEditor [ProjectName] Editor" joined alternative multi-casting on [225.0.0.222:34997]...

Refreshing native plugins compatible for Editor in 23.19 ms, found 12 plugins.
Preloading 1 native plugins for Editor in 0.62 ms.
Initialize engine version: 2022.3.3f1 (7cdc2969a641)
[Subsystems] Discovering subsystems at path C:/Program Files/Unity/Hub/Editor/2022.3.3f1/Editor/Data/Resources/UnitySubsystems
[Subsystems] Discovering subsystems at path C:/Users/makyt/Documents/Cours/4A_SEMESTRE 7/Réalité Virtuelle/AstroBobVR/AstroBob/Assets
GfxDevice: creating device client; threaded=0; jobified=0
Direct3D:
    Version:  Direct3D 11.0 [level 11.1]
    Renderer: Intel(R) Iris(R) Xe Graphics (ID=0xa7a1)
    Vendor:   Intel
    VRAM:     8018 MB
    Driver:   31.0.101.4575
Initialize mono
Mono path[0] = 'C:/Program Files/Unity/Hub/Editor/2022.3.3f1/Editor/Data/Managed'
Mono path[1] = 'C:/Program Files/Unity/Hub/Editor/2022.3.3f1/Editor/Data/MonoBleedingEdge/lib/mono/unityjit-win32'
Mono config path = 'C:/Program Files/Unity/Hub/Editor/2022.3.3f1/Editor/Data/MonoBleedingEdge/etc'
Using monoOptions --debugger-agent=transport=dt_socket,embedding=1,server=y,suspend=n,address=127.0.0.1:56968
Begin MonoManager ReloadAssembly
Registering precompiled unity dll's ...
Register platform support module: C:/Program Files/Unity/Hub/Editor/2022.3.3f1/Editor/Data/PlaybackEngines/WindowsStandaloneSupport/UnityEditor.WindowsStandalone.Extensions.dll
Registered in 0.011801 seconds.
- Loaded All Assemblies, in  0.434 seconds
Native extension for WindowsStandalone target not found
Mono: successfully reloaded assembly
- Finished resetting the current domain, in  0.300 seconds
Domain Reload Profiling: 731ms
	BeginReloadAssembly (148ms)
		ExecutionOrderSort (0ms)
		DisableScriptedObjects (0ms)
		BackupInstance (0ms)
		ReleaseScriptingObjects (0ms)
		CreateAndSetChildDomain (1ms)
	RebuildCommonClasses (40ms)
	RebuildNativeTypeToScriptingClass (12ms)
	initialDomainReloadingComplete (82ms)
	LoadAllAssembliesAndSetupDomain (148ms)
		LoadAssemblies (146ms)
		RebuildTransferFunctionScriptingTraits (0ms)
		AnalyzeDomain (141ms)
			TypeCache.Refresh (140ms)
				TypeCache.ScanAssembly (124ms)
			ScanForSourceGeneratedMonoScriptInfo (0ms)
			ResolveRequiredComponents (1ms)
	FinalizeReload (301ms)
		ReleaseScriptCaches (0ms)
		RebuildScriptCaches (0ms)
		SetupLoadedEditorAssemblies (236ms)
			LogAssemblyErrors (0ms)
			InitializePlatformSupportModulesInManaged (8ms)
			SetLoadedEditorAssemblies (10ms)
			RefreshPlugins (0ms)
			BeforeProcessingInitializeOnLoad (2ms)
			ProcessInitializeOnLoadAttributes (165ms)
			ProcessInitializeOnLoadMethodAttributes (51ms)
			AfterProcessingInitializeOnLoad (0ms)
			EditorAssembliesLoaded (0ms)
		ExecutionOrderSort2 (0ms)
		AwakeInstancesAfterBackupRestoration (0ms)
========================================================================
Worker process is ready to serve import requests
Begin MonoManager ReloadAssembly
- Loaded All Assemblies, in  1.138 seconds
Refreshing native plugins compatible for Editor in 16.58 ms, found 12 plugins.
Native extension for WindowsStandalone target not found
Package Manager log level set to [2]
[Package Manager] Server::EnsureServerProcessIsRunning -- launch failed, reason: Unity was launched with the -noUpm command-line argument
[Package Manager] UpmClient::Send -- Unable to send message (not connected to UPM process).
[Package Manager] Cannot connect to Unity Package Manager local server
System.Reflection.TargetInvocationException: Exception has been thrown by the target of an invocation. ---> System.NullReferenceException: Object reference not set to an instance of an object
  at Unity.XR.Oculus.OculusLoader.AssetPathToAbsolutePath (System.String assetPath) [0x0003d] in .\Library\PackageCache\com.unity.xr.oculus@4.0.0\Runtime\OculusLoader.cs:282 
  at Unity.XR.Oculus.OculusLoader.EditorLoadOVRPlugin () [0x0007b] in .\Library\PackageCache\com.unity.xr.oculus@4.0.0\Runtime\OculusLoader.cs:267 
  at (wrapper managed-to-native) System.Reflection.RuntimeMethodInfo.InternalInvoke(System.Reflection.RuntimeMethodInfo,object,object[],System.Exception&)
  at System.Reflection.RuntimeMethodInfo.Invoke (System.Object obj, System.Reflection.BindingFlags invokeAttr, System.Reflection.Binder binder, System.Object[] parameters, System.Globalization.CultureInfo culture) [0x0006a] in <605bf8b31fcb444b85176da963870aa7>:0 
   --- End of inner exception stack trace ---
  at System.Reflection.RuntimeMethodInfo.Invoke (System.Object obj, System.Reflection.BindingFlags invokeAttr, System.Reflection.Binder binder, System.Object[] parameters, System.Globalization.CultureInfo culture) [0x00083] in <605bf8b31fcb444b85176da963870aa7>:0 
  at System.Reflection.MethodBase.Invoke (System.Object obj, System.Object[] parameters) [0x00000] in <605bf8b31fcb444b85176da963870aa7>:0 
  at UnityEditor.EditorAssemblies.ProcessInitializeOnLoadMethodAttributes () [0x000a5] in <0cbf2453ffe348b8bff59f7f22a27d4b>:0 
UnityEngine.StackTraceUtility:ExtractStackTrace ()
UnityEngine.DebugLogHandler:LogFormat (UnityEngine.LogType,UnityEngine.Object,string,object[])
UnityEngine.Logger:Log (UnityEngine.LogType,object)
UnityEngine.Debug:LogError (object)
UnityEditor.EditorAssemblies:ProcessInitializeOnLoadMethodAttributes ()

Mono: successfully reloaded assembly
[Package Manager] Server::EnsureServerProcessIsRunning -- launch failed, reason: Unity was launched with the -noUpm command-line argument
[Package Manager] UpmClient::Send -- Unable to send message (not connected to UPM process).
[Package Manager] Cannot connect to Unity Package Manager local server
[Package Manager] Server::EnsureServerProcessIsRunning -- launch failed, reason: Unity was launched with the -noUpm command-line argument
[Package Manager] UpmClient::Send -- Unable to send message (not connected to UPM process).
[Package Manager] Cannot connect to Unity Package Manager local server
- Finished resetting the current domain, in  0.851 seconds
Domain Reload Profiling: 1986ms
	BeginReloadAssembly (165ms)
		ExecutionOrderSort (0ms)
		DisableScriptedObjects (5ms)
		BackupInstance (0ms)
		ReleaseScriptingObjects (0ms)
		CreateAndSetChildDomain (27ms)
	RebuildCommonClasses (43ms)
	RebuildNativeTypeToScriptingClass (16ms)
	initialDomainReloadingComplete (62ms)
	LoadAllAssembliesAndSetupDomain (848ms)
		LoadAssemblies (467ms)
		RebuildTransferFunctionScriptingTraits (0ms)
		AnalyzeDomain (459ms)
			TypeCache.Refresh (419ms)
				TypeCache.ScanAssembly (391ms)
			ScanForSourceGeneratedMonoScriptInfo (33ms)
			ResolveRequiredComponents (6ms)
	FinalizeReload (852ms)
		ReleaseScriptCaches (0ms)
		RebuildScriptCaches (0ms)
		SetupLoadedEditorAssemblies (619ms)
			LogAssemblyErrors (0ms)
			InitializePlatformSupportModulesInManaged (5ms)
			SetLoadedEditorAssemblies (10ms)
			RefreshPlugins (0ms)
			BeforeProcessingInitializeOnLoad (108ms)
			ProcessInitializeOnLoadAttributes (424ms)
			ProcessInitializeOnLoadMethodAttributes (59ms)
			AfterProcessingInitializeOnLoad (13ms)
			EditorAssembliesLoaded (0ms)
		ExecutionOrderSort2 (0ms)
		AwakeInstancesAfterBackupRestoration (10ms)
Launched and connected shader compiler UnityShaderCompiler.exe after 0.07 seconds
Refreshing native plugins compatible for Editor in 16.51 ms, found 12 plugins.
Preloading 1 native plugins for Editor in 0.06 ms.
Unloading 4326 Unused Serialized files (Serialized files now loaded: 0)
Unloading 75 unused Assets / (45.5 KB). Loaded Objects now: 4811.
Memory consumption went from 160.1 MB to 160.0 MB.
Total: 9.124100 ms (FindLiveObjects: 2.544300 ms CreateObjectMapping: 2.283100 ms MarkObjects: 3.953200 ms  DeleteObjects: 0.341300 ms)

AssetImportParameters requested are different than current active one (requested -> active):
  custom:container-demuxer-ogg: 62fdf1f143b41e24485cea50d1cbac27 -> 
  custom:video-codec-MediaFoundation-h265: 746d11721c4dcdbdad8f713fa42b33f4 -> 
  custom:video-decoder-ogg-theora: a1e56fd34408186e4bbccfd4996cb3dc -> 
  custom:framework-win-MediaFoundation: 216162199b28c13a410421893ffa2e32 -> 
  custom:container-demuxer-webm: 4f35f7cbe854078d1ac9338744f61a02 -> 
  custom:container-muxer-webm: aa71ff27fc2769a1b78a27578f13a17b -> 
  custom:video-decoder-webm-vp8: 9c59270c3fd7afecdb556c50c9e8de78 -> 
  custom:AudioImporter_EditorPlatform: d09bf68614088b80899f8185d706f6e7 -> 
  custom:video-encoder-webm-vp8: eb34c28f22e8b96e1ab97ce403110664 -> 
  custom:audio-decoder-ogg-vorbis: bf7c407c2cedff20999df2af8eb42d56 -> 
  custom:audio-encoder-webm-vorbis: bf7c407c2cedff20999df2af8eb42d56 -> 
========================================================================
Received Import Request.
  Time since last request: 165293.594258 seconds.
  path: Assets/Oculus Hands/Models/l_hand_skeletal_lowres.fbx
  artifactKey: Guid(ca20b3907ff1c794cb89c1ad2cce8282) Importer(815301076,1909f56bfc062723c751e8b465ee728b)
Start importing Assets/Oculus Hands/Models/l_hand_skeletal_lowres.fbx using Guid(ca20b3907ff1c794cb89c1ad2cce8282) Importer(815301076,1909f56bfc062723c751e8b465ee728b)  -> (artifact id: '3e33612831a503607a4d8dff80def5e8') in 0.183474 seconds
Number of updated asset objects reloaded before import = 0
Number of asset objects unloaded after import = 63
========================================================================
Received Import Request.
  Time since last request: 0.000041 seconds.
  path: Assets/Oculus Hands/Models
  artifactKey: Guid(f86f7081ef3d88a4699b38c51b052b3f) Importer(815301076,1909f56bfc062723c751e8b465ee728b)
Start importing Assets/Oculus Hands/Models using Guid(f86f7081ef3d88a4699b38c51b052b3f) Importer(815301076,1909f56bfc062723c751e8b465ee728b)  -> (artifact id: 'a94211f68ae3d893a930b23c22de1ed1') in 0.000586 seconds
Number of updated asset objects reloaded before import = 0
Number of asset objects unloaded after import = 0
========================================================================
Received Import Request.
  Time since last request: 0.000098 seconds.
  path: Assets/Oculus Hands/Materials
  artifactKey: Guid(439571b1b54225746960ad2b9769efe7) Importer(815301076,1909f56bfc062723c751e8b465ee728b)
Start importing Assets/Oculus Hands/Materials using Guid(439571b1b54225746960ad2b9769efe7) Importer(815301076,1909f56bfc062723c751e8b465ee728b)  -> (artifact id: '2b35ffce7f5de159b8f95852b1abf9c8') in 0.000502 seconds
Number of updated asset objects reloaded before import = 0
Number of asset objects unloaded after import = 0
========================================================================
Received Import Request.
  Time since last request: 0.000102 seconds.
  path: Assets/Oculus Hands/Materials/Hand_texture.mat
  artifactKey: Guid(1a8611698fbda8f4dbce21588862eb3d) Importer(815301076,1909f56bfc062723c751e8b465ee728b)
Start importing Assets/Oculus Hands/Materials/Hand_texture.mat using Guid(1a8611698fbda8f4dbce21588862eb3d) Importer(815301076,1909f56bfc062723c751e8b465ee728b)  -> (artifact id: '7c07775042587a6146f815835a72b012') in 0.057894 seconds
Number of updated asset objects reloaded before import = 0
Number of asset objects unloaded after import = 1
========================================================================
Received Import Request.
  Time since last request: 8.290652 seconds.
  path: Assets/Oculus Hands/Prefabs/Right Hand Model.prefab
  artifactKey: Guid(1fd3a7c43c8190f4d8c167ebde694364) Importer(815301076,1909f56bfc062723c751e8b465ee728b)
Start importing Assets/Oculus Hands/Prefabs/Right Hand Model.prefab using Guid(1fd3a7c43c8190f4d8c167ebde694364) Importer(815301076,1909f56bfc062723c751e8b465ee728b)  -> (artifact id: 'f206b5df3a51d9bd5805f5fc1b4b9187') in 0.052682 seconds
Internal: There are remaining Allocations on the JobTempAlloc. This is a leak, and will impact performance
To Debug, run app with -diag-job-temp-memory-leak-validation cmd line argument. This will output the callstacks of the leaked allocations.
Number of updated asset objects reloaded before import = 0
Number of asset objects unloaded after import = 69
========================================================================
Received Prepare
Begin MonoManager ReloadAssembly
- Loaded All Assemblies, in  0.759 seconds
Refreshing native plugins compatible for Editor in 19.11 ms, found 12 plugins.
Native extension for WindowsStandalone target not found
[Package Manager] Server::EnsureServerProcessIsRunning -- launch failed, reason: Unity was launched with the -noUpm command-line argument
[Package Manager] UpmClient::Send -- Unable to send message (not connected to UPM process).
[Package Manager] Cannot connect to Unity Package Manager local server
System.Reflection.TargetInvocationException: Exception has been thrown by the target of an invocation. ---> System.NullReferenceException: Object reference not set to an instance of an object
  at Unity.XR.Oculus.OculusLoader.AssetPathToAbsolutePath (System.String assetPath) [0x0003d] in .\Library\PackageCache\com.unity.xr.oculus@4.0.0\Runtime\OculusLoader.cs:282 
  at Unity.XR.Oculus.OculusLoader.EditorLoadOVRPlugin () [0x0007b] in .\Library\PackageCache\com.unity.xr.oculus@4.0.0\Runtime\OculusLoader.cs:267 
  at (wrapper managed-to-native) System.Reflection.RuntimeMethodInfo.InternalInvoke(System.Reflection.RuntimeMethodInfo,object,object[],System.Exception&)
  at System.Reflection.RuntimeMethodInfo.Invoke (System.Object obj, System.Reflection.BindingFlags invokeAttr, System.Reflection.Binder binder, System.Object[] parameters, System.Globalization.CultureInfo culture) [0x0006a] in <605bf8b31fcb444b85176da963870aa7>:0 
   --- End of inner exception stack trace ---
  at System.Reflection.RuntimeMethodInfo.Invoke (System.Object obj, System.Reflection.BindingFlags invokeAttr, System.Reflection.Binder binder, System.Object[] parameters, System.Globalization.CultureInfo culture) [0x00083] in <605bf8b31fcb444b85176da963870aa7>:0 
  at System.Reflection.MethodBase.Invoke (System.Object obj, System.Object[] parameters) [0x00000] in <605bf8b31fcb444b85176da963870aa7>:0 
  at UnityEditor.EditorAssemblies.ProcessInitializeOnLoadMethodAttributes () [0x000a5] in <0cbf2453ffe348b8bff59f7f22a27d4b>:0 
UnityEngine.StackTraceUtility:ExtractStackTrace ()
UnityEngine.DebugLogHandler:LogFormat (UnityEngine.LogType,UnityEngine.Object,string,object[])
UnityEngine.Logger:Log (UnityEngine.LogType,object)
UnityEngine.Debug:LogError (object)
UnityEditor.EditorAssemblies:ProcessInitializeOnLoadMethodAttributes ()

Mono: successfully reloaded assembly
[Package Manager] Server::EnsureServerProcessIsRunning -- launch failed, reason: Unity was launched with the -noUpm command-line argument
[Package Manager] UpmClient::Send -- Unable to send message (not connected to UPM process).
[Package Manager] Cannot connect to Unity Package Manager local server
- Finished resetting the current domain, in  0.905 seconds
Domain Reload Profiling: 1658ms
	BeginReloadAssembly (144ms)
		ExecutionOrderSort (0ms)
		DisableScriptedObjects (5ms)
		BackupInstance (0ms)
		ReleaseScriptingObjects (0ms)
		CreateAndSetChildDomain (43ms)
	RebuildCommonClasses (25ms)
	RebuildNativeTypeToScriptingClass (10ms)
	initialDomainReloadingComplete (28ms)
	LoadAllAssembliesAndSetupDomain (546ms)
		LoadAssemblies (306ms)
		RebuildTransferFunctionScriptingTraits (0ms)
		AnalyzeDomain (295ms)
			TypeCache.Refresh (288ms)
				TypeCache.ScanAssembly (273ms)
			ScanForSourceGeneratedMonoScriptInfo (4ms)
			ResolveRequiredComponents (4ms)
	FinalizeReload (905ms)
		ReleaseScriptCaches (0ms)
		RebuildScriptCaches (0ms)
		SetupLoadedEditorAssemblies (386ms)
			LogAssemblyErrors (0ms)
			InitializePlatformSupportModulesInManaged (14ms)
			SetLoadedEditorAssemblies (10ms)
			RefreshPlugins (0ms)
			BeforeProcessingInitializeOnLoad (133ms)
			ProcessInitializeOnLoadAttributes (192ms)
			ProcessInitializeOnLoadMethodAttributes (32ms)
			AfterProcessingInitializeOnLoad (5ms)
			EditorAssembliesLoaded (0ms)
		ExecutionOrderSort2 (0ms)
		AwakeInstancesAfterBackupRestoration (5ms)
Refreshing native plugins compatible for Editor in 9.05 ms, found 12 plugins.
Preloading 1 native plugins for Editor in 0.06 ms.
Unloading 4307 Unused Serialized files (Serialized files now loaded: 0)
Unloading 57 unused Assets / (1.3 MB). Loaded Objects now: 4861.
Memory consumption went from 166.8 MB to 165.5 MB.
Total: 3.100700 ms (FindLiveObjects: 0.229200 ms CreateObjectMapping: 0.101800 ms MarkObjects: 2.313800 ms  DeleteObjects: 0.454700 ms)

Prepare: number of updated asset objects reloaded= 0
AssetImportParameters requested are different than current active one (requested -> active):
  custom:container-demuxer-ogg: 62fdf1f143b41e24485cea50d1cbac27 -> 
  custom:video-codec-MediaFoundation-h265: 746d11721c4dcdbdad8f713fa42b33f4 -> 
  custom:video-decoder-ogg-theora: a1e56fd34408186e4bbccfd4996cb3dc -> 
  custom:framework-win-MediaFoundation: 216162199b28c13a410421893ffa2e32 -> 
  custom:container-demuxer-webm: 4f35f7cbe854078d1ac9338744f61a02 -> 
  custom:container-muxer-webm: aa71ff27fc2769a1b78a27578f13a17b -> 
  custom:video-decoder-webm-vp8: 9c59270c3fd7afecdb556c50c9e8de78 -> 
  custom:AudioImporter_EditorPlatform: d09bf68614088b80899f8185d706f6e7 -> 
  custom:video-encoder-webm-vp8: eb34c28f22e8b96e1ab97ce403110664 -> 
  custom:audio-decoder-ogg-vorbis: bf7c407c2cedff20999df2af8eb42d56 -> 
  custom:audio-encoder-webm-vorbis: bf7c407c2cedff20999df2af8eb42d56 -> 
========================================================================
Received Import Request.
  Time since last request: 622.658535 seconds.
  path: Assets/OculusVRHands/Presets/RightHand.preset
  artifactKey: Guid(32c95d1447efe834fb4f797d6f030a52) Importer(815301076,1909f56bfc062723c751e8b465ee728b)
Start importing Assets/OculusVRHands/Presets/RightHand.preset using Guid(32c95d1447efe834fb4f797d6f030a52) Importer(815301076,1909f56bfc062723c751e8b465ee728b)  -> (artifact id: 'd46f72dfb4fb0ac8694fa19c996e4487') in 0.017254 seconds
Number of updated asset objects reloaded before import = 0
Number of asset objects unloaded after import = 2
========================================================================
Received Import Request.
  Time since last request: 0.651837 seconds.
  path: Assets/OculusVRHands/Models/HandPoseDefaultPf.prefab
  artifactKey: Guid(35525acb4c3b75c4a8c4dc2c117427be) Importer(815301076,1909f56bfc062723c751e8b465ee728b)
Start importing Assets/OculusVRHands/Models/HandPoseDefaultPf.prefab using Guid(35525acb4c3b75c4a8c4dc2c117427be) Importer(815301076,1909f56bfc062723c751e8b465ee728b)  -> (artifact id: '8ce5a5f3768fd864b4792ebfffc96e17') in 0.019015 seconds
Number of updated asset objects reloaded before import = 0
Number of asset objects unloaded after import = 5
========================================================================
Received Import Request.
  Time since last request: 0.000125 seconds.
  path: Assets/OculusVRHands/Models/r_hand_skeletal_lowres.fbx
  artifactKey: Guid(e1fec9ddcdf32604bb73fd1378acd5fb) Importer(815301076,1909f56bfc062723c751e8b465ee728b)
Start importing Assets/OculusVRHands/Models/r_hand_skeletal_lowres.fbx using Guid(e1fec9ddcdf32604bb73fd1378acd5fb) Importer(815301076,1909f56bfc062723c751e8b465ee728b)  -> (artifact id: '11c1c1e96a96f6df6c0b6cfd174a3b4d') in 0.091590 seconds
Number of updated asset objects reloaded before import = 0
Number of asset objects unloaded after import = 64
========================================================================
Received Import Request.
  Time since last request: 5.687120 seconds.
  path: Assets/OculusVRHands/Materials/Hands_striped.mat
  artifactKey: Guid(2053692007a444b4298a3c679f98a1ce) Importer(815301076,1909f56bfc062723c751e8b465ee728b)
Start importing Assets/OculusVRHands/Materials/Hands_striped.mat using Guid(2053692007a444b4298a3c679f98a1ce) Importer(815301076,1909f56bfc062723c751e8b465ee728b)  -> (artifact id: '7ed36fb59de0447164ced50e11dde489') in 0.086784 seconds
Number of updated asset objects reloaded before import = 0
Number of asset objects unloaded after import = 2
========================================================================
Received Import Request.
  Time since last request: 0.886634 seconds.
  path: Assets/OculusVRHands/Animations/l_hand_cap_touch_index_mask_anim.fbx
  artifactKey: Guid(8f30ac6cbbbe39d43886ad7626f7e2b2) Importer(815301076,1909f56bfc062723c751e8b465ee728b)
Start importing Assets/OculusVRHands/Animations/l_hand_cap_touch_index_mask_anim.fbx using Guid(8f30ac6cbbbe39d43886ad7626f7e2b2) Importer(815301076,1909f56bfc062723c751e8b465ee728b)  -> (artifact id: 'd2ff7dc9599a8ec7ea743e00c0f5c173') in 0.006376 seconds
Number of updated asset objects reloaded before import = 0
Number of asset objects unloaded after import = 55
========================================================================
Received Import Request.
  Time since last request: 0.022063 seconds.
  path: Assets/OculusVRHands/Animations/l_hand_cap_touch_thumb_mask_anim.fbx
  artifactKey: Guid(73af2d5eb4aa5f84c9489fec88acb742) Importer(815301076,1909f56bfc062723c751e8b465ee728b)
Start importing Assets/OculusVRHands/Animations/l_hand_cap_touch_thumb_mask_anim.fbx using Guid(73af2d5eb4aa5f84c9489fec88acb742) Importer(815301076,1909f56bfc062723c751e8b465ee728b)  -> (artifact id: '9a4f76b7a49a558290f783d3af0c5603') in 0.013832 seconds
Number of updated asset objects reloaded before import = 0
Number of asset objects unloaded after import = 55
========================================================================
Received Import Request.
  Time since last request: 0.000021 seconds.
  path: Assets/OculusVRHands/Animations/r_hand_cap_touch_thumb_mask_anim.fbx
  artifactKey: Guid(335d75faf2966944c94ee3b473124610) Importer(815301076,1909f56bfc062723c751e8b465ee728b)
Start importing Assets/OculusVRHands/Animations/r_hand_cap_touch_thumb_mask_anim.fbx using Guid(335d75faf2966944c94ee3b473124610) Importer(815301076,1909f56bfc062723c751e8b465ee728b)  -> (artifact id: '88c6216372e15286e4fbde427a802abe') in 0.013453 seconds
Number of updated asset objects reloaded before import = 0
Number of asset objects unloaded after import = 55
========================================================================
Received Import Request.
  Time since last request: 0.000027 seconds.
  path: Assets/OculusVRHands/Animations/l_hand_relax_mid_fist_anim.fbx
  artifactKey: Guid(ce6184a26b41c254ea24a5968f59d34e) Importer(815301076,1909f56bfc062723c751e8b465ee728b)
Start importing Assets/OculusVRHands/Animations/l_hand_relax_mid_fist_anim.fbx using Guid(ce6184a26b41c254ea24a5968f59d34e) Importer(815301076,1909f56bfc062723c751e8b465ee728b)  -> (artifact id: '1f6fc0e18505c2dcdc1f2a1cd0ed7b72') in 0.005314 seconds
Number of updated asset objects reloaded before import = 0
Number of asset objects unloaded after import = 55
========================================================================
Received Import Request.
  Time since last request: 0.000021 seconds.
  path: Assets/OculusVRHands/Animations/r_hand_cap_touch_index_mask_anim.fbx
  artifactKey: Guid(8e1d6427aa0b5584ab3744e9988d6e7b) Importer(815301076,1909f56bfc062723c751e8b465ee728b)
Start importing Assets/OculusVRHands/Animations/r_hand_cap_touch_index_mask_anim.fbx using Guid(8e1d6427aa0b5584ab3744e9988d6e7b) Importer(815301076,1909f56bfc062723c751e8b465ee728b)  -> (artifact id: 'b359feea27d5322d9e9bda563cad6632') in 0.006659 seconds
Number of updated asset objects reloaded before import = 0
Number of asset objects unloaded after import = 55
========================================================================
Received Import Request.
  Time since last request: 0.000381 seconds.
  path: Assets/OculusVRHands/Animations/old_r_hand_pinch_anim.fbx
  artifactKey: Guid(6e0d791d9e2bdcd4f80b32d42036676f) Importer(815301076,1909f56bfc062723c751e8b465ee728b)
Start importing Assets/OculusVRHands/Animations/old_r_hand_pinch_anim.fbx using Guid(6e0d791d9e2bdcd4f80b32d42036676f) Importer(815301076,1909f56bfc062723c751e8b465ee728b)  -> (artifact id: 'dec16701a55426da7f5056e479fcea9b') in 0.017131 seconds
Number of updated asset objects reloaded before import = 0
Number of asset objects unloaded after import = 57
========================================================================
Received Import Request.
  Time since last request: 0.000028 seconds.
  path: Assets/OculusVRHands/Animations/l_hand_thumbs_up_anim.fbx
  artifactKey: Guid(38245a3244d4c904e9a7c93dfc8ffbaf) Importer(815301076,1909f56bfc062723c751e8b465ee728b)
Start importing Assets/OculusVRHands/Animations/l_hand_thumbs_up_anim.fbx using Guid(38245a3244d4c904e9a7c93dfc8ffbaf) Importer(815301076,1909f56bfc062723c751e8b465ee728b)  -> (artifact id: '4f131a8dd1cafbf954f3a82a8201e06d') in 0.007254 seconds
Number of updated asset objects reloaded before import = 0
Number of asset objects unloaded after import = 55
========================================================================
Received Import Request.
  Time since last request: 0.000030 seconds.
  path: Assets/OculusVRHands/Animations/r_hand_point_anim.fbx
  artifactKey: Guid(a00bb4e2a48d6b04f9a9865f78869df2) Importer(815301076,1909f56bfc062723c751e8b465ee728b)
Start importing Assets/OculusVRHands/Animations/r_hand_point_anim.fbx using Guid(a00bb4e2a48d6b04f9a9865f78869df2) Importer(815301076,1909f56bfc062723c751e8b465ee728b)  -> (artifact id: 'd98ee1b2c5a08231be444607d9383cdb') in 0.008403 seconds
Number of updated asset objects reloaded before import = 0
Number of asset objects unloaded after import = 55
========================================================================
Received Import Request.
  Time since last request: 0.000021 seconds.
  path: Assets/OculusVRHands/Animations/r_hand_hold_generic_anim.fbx
  artifactKey: Guid(6c41a6e223fece0458162624394578d6) Importer(815301076,1909f56bfc062723c751e8b465ee728b)
Start importing Assets/OculusVRHands/Animations/r_hand_hold_generic_anim.fbx using Guid(6c41a6e223fece0458162624394578d6) Importer(815301076,1909f56bfc062723c751e8b465ee728b)  -> (artifact id: '92b2b7716a711f087b9033a55360820e') in 0.008841 seconds
Number of updated asset objects reloaded before import = 0
Number of asset objects unloaded after import = 55
========================================================================
Received Import Request.
  Time since last request: 0.000018 seconds.
  path: Assets/OculusVRHands/Animations/r_hand_squirtgun_squeeze.fbx
  artifactKey: Guid(0f07644e420a94efea12b56371e388e3) Importer(815301076,1909f56bfc062723c751e8b465ee728b)
Start importing Assets/OculusVRHands/Animations/r_hand_squirtgun_squeeze.fbx using Guid(0f07644e420a94efea12b56371e388e3) Importer(815301076,1909f56bfc062723c751e8b465ee728b)  -> (artifact id: '5e634ca7ae019af5ada251c6e2cab0cb') in 0.007151 seconds
Number of updated asset objects reloaded before import = 0
Number of asset objects unloaded after import = 57
========================================================================
Received Import Request.
  Time since last request: 0.000024 seconds.
  path: Assets/OculusVRHands/Animations/l_hand_squirtgun_hold.fbx
  artifactKey: Guid(43171d57359ad41adb9be2572f17ca1c) Importer(815301076,1909f56bfc062723c751e8b465ee728b)
Start importing Assets/OculusVRHands/Animations/l_hand_squirtgun_hold.fbx using Guid(43171d57359ad41adb9be2572f17ca1c) Importer(815301076,1909f56bfc062723c751e8b465ee728b)  -> (artifact id: '8b16fed28e24d1f6891d49c99ec46171') in 0.007345 seconds
Number of updated asset objects reloaded before import = 0
Number of asset objects unloaded after import = 57
========================================================================
Received Import Request.
  Time since last request: 0.000030 seconds.
  path: Assets/OculusVRHands/Animations/r_hand_pinch_anim.fbx
  artifactKey: Guid(67607efaefa6b8840baa8dfce79d10c4) Importer(815301076,1909f56bfc062723c751e8b465ee728b)
Start importing Assets/OculusVRHands/Animations/r_hand_pinch_anim.fbx using Guid(67607efaefa6b8840baa8dfce79d10c4) Importer(815301076,1909f56bfc062723c751e8b465ee728b)  -> (artifact id: '5aeca787cc99d998428bcd0a7d1de5b3') in 0.008767 seconds
Number of updated asset objects reloaded before import = 0
Number of asset objects unloaded after import = 57
========================================================================
Received Import Request.
  Time since last request: 0.000028 seconds.
  path: Assets/OculusVRHands/Animations/r_hand_hold_billiard_ball_anim.fbx
  artifactKey: Guid(49313745e0e0842789ab3723bbc0d74c) Importer(815301076,1909f56bfc062723c751e8b465ee728b)
Start importing Assets/OculusVRHands/Animations/r_hand_hold_billiard_ball_anim.fbx using Guid(49313745e0e0842789ab3723bbc0d74c) Importer(815301076,1909f56bfc062723c751e8b465ee728b)  -> (artifact id: '720bcc5985d48feb3fb45de07ed8e92a') in 0.007121 seconds
Number of updated asset objects reloaded before import = 0
Number of asset objects unloaded after import = 57
========================================================================
Received Import Request.
  Time since last request: 0.000038 seconds.
  path: Assets/OculusVRHands/Animations/l_hand_hold_billiard_ball_anim.fbx
  artifactKey: Guid(bca4c48c730914fff8cceefbcaa0c11f) Importer(815301076,1909f56bfc062723c751e8b465ee728b)
Start importing Assets/OculusVRHands/Animations/l_hand_hold_billiard_ball_anim.fbx using Guid(bca4c48c730914fff8cceefbcaa0c11f) Importer(815301076,1909f56bfc062723c751e8b465ee728b)  -> (artifact id: 'd7d24a40205c07f4a1097111392a0486') in 0.004861 seconds
Number of updated asset objects reloaded before import = 0
Number of asset objects unloaded after import = 57
========================================================================
Received Import Request.
  Time since last request: 0.000171 seconds.
  path: Assets/OculusVRHands/Animations/r_hand_fist_anim.fbx
  artifactKey: Guid(037682bfec064294a97b4dc81b6cb4a7) Importer(815301076,1909f56bfc062723c751e8b465ee728b)
Start importing Assets/OculusVRHands/Animations/r_hand_fist_anim.fbx using Guid(037682bfec064294a97b4dc81b6cb4a7) Importer(815301076,1909f56bfc062723c751e8b465ee728b)  -> (artifact id: '694e5570c20e8ae0014afa1004bf8561') in 0.006025 seconds
Number of updated asset objects reloaded before import = 0
Number of asset objects unloaded after import = 55
========================================================================
Received Import Request.
  Time since last request: 0.000020 seconds.
  path: Assets/OculusVRHands/Animations/r_hand_hold_r_controller_anim.fbx
  artifactKey: Guid(323906a7e4d1c1049b00339691b2db98) Importer(815301076,1909f56bfc062723c751e8b465ee728b)
Start importing Assets/OculusVRHands/Animations/r_hand_hold_r_controller_anim.fbx using Guid(323906a7e4d1c1049b00339691b2db98) Importer(815301076,1909f56bfc062723c751e8b465ee728b)  -> (artifact id: 'e08d2015a06cce545fa7fd7e05001670') in 0.004579 seconds
Number of updated asset objects reloaded before import = 0
Number of asset objects unloaded after import = 57
========================================================================
Received Import Request.
  Time since last request: 3.360098 seconds.
  path: Assets/OculusVRHands/Textures/ramp_02.png
  artifactKey: Guid(00b54db44fb90497d8e51b542bb5d340) Importer(815301076,1909f56bfc062723c751e8b465ee728b)
Start importing Assets/OculusVRHands/Textures/ramp_02.png using Guid(00b54db44fb90497d8e51b542bb5d340) Importer(815301076,1909f56bfc062723c751e8b465ee728b)  -> (artifact id: '7a8f1c59d1979f26196ca2d871a712ee') in 0.069062 seconds
Number of updated asset objects reloaded before import = 0
Number of asset objects unloaded after import = 2
========================================================================
Received Import Request.
  Time since last request: 0.000312 seconds.
  path: Assets/OculusVRHands/Textures/ramp_bluewhite_02.png
  artifactKey: Guid(ff902dc5c3e264587a8bc6213e64a5e2) Importer(815301076,1909f56bfc062723c751e8b465ee728b)
Start importing Assets/OculusVRHands/Textures/ramp_bluewhite_02.png using Guid(ff902dc5c3e264587a8bc6213e64a5e2) Importer(815301076,1909f56bfc062723c751e8b465ee728b)  -> (artifact id: 'f5b110abdd3c94acb6c8e683d9ca9664') in 0.050985 seconds
Number of updated asset objects reloaded before import = 0
Number of asset objects unloaded after import = 2
========================================================================
Received Import Request.
  Time since last request: 2.206331 seconds.
  path: Assets/OculusVRHands/GrabConeVolume.asset
  artifactKey: Guid(687d21fc72e51324cbb1c3078c72718e) Importer(815301076,1909f56bfc062723c751e8b465ee728b)
Start importing Assets/OculusVRHands/GrabConeVolume.asset using Guid(687d21fc72e51324cbb1c3078c72718e) Importer(815301076,1909f56bfc062723c751e8b465ee728b)  -> (artifact id: 'f3f4915b19498d55213343596a58c66d') in 0.057157 seconds
Number of updated asset objects reloaded before import = 0
Number of asset objects unloaded after import = 2
========================================================================
Received Prepare
Begin MonoManager ReloadAssembly
- Loaded All Assemblies, in  0.898 seconds
Refreshing native plugins compatible for Editor in 34.62 ms, found 12 plugins.
Native extension for WindowsStandalone target not found
[Package Manager] Server::EnsureServerProcessIsRunning -- launch failed, reason: Unity was launched with the -noUpm command-line argument
[Package Manager] UpmClient::Send -- Unable to send message (not connected to UPM process).
[Package Manager] Cannot connect to Unity Package Manager local server
System.Reflection.TargetInvocationException: Exception has been thrown by the target of an invocation. ---> System.NullReferenceException: Object reference not set to an instance of an object
  at Unity.XR.Oculus.OculusLoader.AssetPathToAbsolutePath (System.String assetPath) [0x0003d] in .\Library\PackageCache\com.unity.xr.oculus@4.0.0\Runtime\OculusLoader.cs:282 
  at Unity.XR.Oculus.OculusLoader.EditorLoadOVRPlugin () [0x0007b] in .\Library\PackageCache\com.unity.xr.oculus@4.0.0\Runtime\OculusLoader.cs:267 
  at (wrapper managed-to-native) System.Reflection.RuntimeMethodInfo.InternalInvoke(System.Reflection.RuntimeMethodInfo,object,object[],System.Exception&)
  at System.Reflection.RuntimeMethodInfo.Invoke (System.Object obj, System.Reflection.BindingFlags invokeAttr, System.Reflection.Binder binder, System.Object[] parameters, System.Globalization.CultureInfo culture) [0x0006a] in <605bf8b31fcb444b85176da963870aa7>:0 
   --- End of inner exception stack trace ---
  at System.Reflection.RuntimeMethodInfo.Invoke (System.Object obj, System.Reflection.BindingFlags invokeAttr, System.Reflection.Binder binder, System.Object[] parameters, System.Globalization.CultureInfo culture) [0x00083] in <605bf8b31fcb444b85176da963870aa7>:0 
  at System.Reflection.MethodBase.Invoke (System.Object obj, System.Object[] parameters) [0x00000] in <605bf8b31fcb444b85176da963870aa7>:0 
  at UnityEditor.EditorAssemblies.ProcessInitializeOnLoadMethodAttributes () [0x000a5] in <0cbf2453ffe348b8bff59f7f22a27d4b>:0 
UnityEngine.StackTraceUtility:ExtractStackTrace ()
UnityEngine.DebugLogHandler:LogFormat (UnityEngine.LogType,UnityEngine.Object,string,object[])
UnityEngine.Logger:Log (UnityEngine.LogType,object)
UnityEngine.Debug:LogError (object)
UnityEditor.EditorAssemblies:ProcessInitializeOnLoadMethodAttributes ()

Mono: successfully reloaded assembly
[Package Manager] Server::EnsureServerProcessIsRunning -- launch failed, reason: Unity was launched with the -noUpm command-line argument
[Package Manager] UpmClient::Send -- Unable to send message (not connected to UPM process).
[Package Manager] Cannot connect to Unity Package Manager local server
- Finished resetting the current domain, in  0.959 seconds
Domain Reload Profiling: 1850ms
	BeginReloadAssembly (132ms)
		ExecutionOrderSort (0ms)
		DisableScriptedObjects (3ms)
		BackupInstance (0ms)
		ReleaseScriptingObjects (0ms)
		CreateAndSetChildDomain (34ms)
	RebuildCommonClasses (31ms)
	RebuildNativeTypeToScriptingClass (12ms)
	initialDomainReloadingComplete (43ms)
	LoadAllAssembliesAndSetupDomain (673ms)
		LoadAssemblies (376ms)
		RebuildTransferFunctionScriptingTraits (0ms)
		AnalyzeDomain (337ms)
			TypeCache.Refresh (321ms)
				TypeCache.ScanAssembly (297ms)
			ScanForSourceGeneratedMonoScriptInfo (9ms)
			ResolveRequiredComponents (8ms)
	FinalizeReload (959ms)
		ReleaseScriptCaches (0ms)
		RebuildScriptCaches (0ms)
		SetupLoadedEditorAssemblies (360ms)
			LogAssemblyErrors (0ms)
			InitializePlatformSupportModulesInManaged (6ms)
			SetLoadedEditorAssemblies (5ms)
			RefreshPlugins (0ms)
			BeforeProcessingInitializeOnLoad (73ms)
			ProcessInitializeOnLoadAttributes (224ms)
			ProcessInitializeOnLoadMethodAttributes (45ms)
			AfterProcessingInitializeOnLoad (6ms)
			EditorAssembliesLoaded (0ms)
		ExecutionOrderSort2 (0ms)
		AwakeInstancesAfterBackupRestoration (5ms)
Refreshing native plugins compatible for Editor in 17.30 ms, found 12 plugins.
Preloading 1 native plugins for Editor in 0.12 ms.
Unloading 4302 Unused Serialized files (Serialized files now loaded: 0)
Unloading 54 unused Assets / (47.7 KB). Loaded Objects now: 4866.
Memory consumption went from 164.6 MB to 164.6 MB.
Total: 4.176000 ms (FindLiveObjects: 1.001200 ms CreateObjectMapping: 0.103400 ms MarkObjects: 2.963900 ms  DeleteObjects: 0.106100 ms)

Prepare: number of updated asset objects reloaded= 0
AssetImportParameters requested are different than current active one (requested -> active):
  custom:container-demuxer-ogg: 62fdf1f143b41e24485cea50d1cbac27 -> 
  custom:video-codec-MediaFoundation-h265: 746d11721c4dcdbdad8f713fa42b33f4 -> 
  custom:video-decoder-ogg-theora: a1e56fd34408186e4bbccfd4996cb3dc -> 
  custom:framework-win-MediaFoundation: 216162199b28c13a410421893ffa2e32 -> 
  custom:container-demuxer-webm: 4f35f7cbe854078d1ac9338744f61a02 -> 
  custom:container-muxer-webm: aa71ff27fc2769a1b78a27578f13a17b -> 
  custom:video-decoder-webm-vp8: 9c59270c3fd7afecdb556c50c9e8de78 -> 
  custom:AudioImporter_EditorPlatform: d09bf68614088b80899f8185d706f6e7 -> 
  custom:video-encoder-webm-vp8: eb34c28f22e8b96e1ab97ce403110664 -> 
  custom:audio-decoder-ogg-vorbis: bf7c407c2cedff20999df2af8eb42d56 -> 
  custom:audio-encoder-webm-vorbis: bf7c407c2cedff20999df2af8eb42d56 -> 
Editor requested this worker to shutdown with reason: Scaling down because of idle timeout
TcpMessagingSession - receive error
AssetImportWorkerClient::OnTransportError - code=2 error=End of file
AssetImportWorker is now disconnected from the server
Process exiting
Exiting without the bug reporter. Application will terminate with return code 0