Using pre-set license
Built from '2022.3/staging' branch; Version is '2022.3.3f1 (7cdc2969a641) revision 8182825'; Using compiler version '192829333'; Build Type 'Release'
OS: 'Windows 11  (10.0.22621) 64bit Professional' Language: 'fr' Physical Memory: 16036 MB
BatchMode: 1, IsHumanControllingUs: 0, StartBugReporterOnCrash: 0, Is64bit: 1, IsPro: 1

COMMAND LINE ARGUMENTS:
C:\Program Files\Unity\Hub\Editor\2022.3.3f1\Editor\Unity.exe
-adb2
-batchMode
-noUpm
-name
AssetImportWorker6
-projectPath
C:/Users/makyt/Documents/Cours/4A_SEMESTRE 7/Réalité Virtuelle/AstroBobVR/AstroBob
-logFile
Logs/AssetImportWorker6.log
-srvPort
64596
Successfully changed project path to: C:/Users/makyt/Documents/Cours/4A_SEMESTRE 7/Réalité Virtuelle/AstroBobVR/AstroBob
C:/Users/makyt/Documents/Cours/4A_SEMESTRE 7/Réalité Virtuelle/AstroBobVR/AstroBob
[UnityMemory] Configuration Parameters - Can be set up in boot.config
    "memorysetup-bucket-allocator-granularity=16"
    "memorysetup-bucket-allocator-bucket-count=8"
    "memorysetup-bucket-allocator-block-size=33554432"
    "memorysetup-bucket-allocator-block-count=8"
    "memorysetup-main-allocator-block-size=16777216"
    "memorysetup-thread-allocator-block-size=16777216"
    "memorysetup-gfx-main-allocator-block-size=16777216"
    "memorysetup-gfx-thread-allocator-block-size=16777216"
    "memorysetup-cache-allocator-block-size=4194304"
    "memorysetup-typetree-allocator-block-size=2097152"
    "memorysetup-profiler-bucket-allocator-granularity=16"
    "memorysetup-profiler-bucket-allocator-bucket-count=8"
    "memorysetup-profiler-bucket-allocator-block-size=33554432"
    "memorysetup-profiler-bucket-allocator-block-count=8"
    "memorysetup-profiler-allocator-block-size=16777216"
    "memorysetup-profiler-editor-allocator-block-size=1048576"
    "memorysetup-temp-allocator-size-main=16777216"
    "memorysetup-job-temp-allocator-block-size=2097152"
    "memorysetup-job-temp-allocator-block-size-background=1048576"
    "memorysetup-job-temp-allocator-reduction-small-platforms=262144"
    "memorysetup-allocator-temp-initial-block-size-main=262144"
    "memorysetup-allocator-temp-initial-block-size-worker=262144"
    "memorysetup-temp-allocator-size-background-worker=32768"
    "memorysetup-temp-allocator-size-job-worker=262144"
    "memorysetup-temp-allocator-size-preload-manager=33554432"
    "memorysetup-temp-allocator-size-nav-mesh-worker=65536"
    "memorysetup-temp-allocator-size-audio-worker=65536"
    "memorysetup-temp-allocator-size-cloud-worker=32768"
    "memorysetup-temp-allocator-size-gi-baking-worker=262144"
    "memorysetup-temp-allocator-size-gfx=262144"
Player connection [31956] Host "[IP] 10.0.0.14 [Port] 0 [Flags] 2 [Guid] 3231507517 [EditorId] 3231507517 [Version] 1048832 [Id] WindowsEditor(7,NewGate) [Debug] 1 [PackageName] WindowsEditor [ProjectName] Editor" joined multi-casting on [225.0.0.222:54997]...

Player connection [31956] Host "[IP] 10.0.0.14 [Port] 0 [Flags] 2 [Guid] 3231507517 [EditorId] 3231507517 [Version] 1048832 [Id] WindowsEditor(7,NewGate) [Debug] 1 [PackageName] WindowsEditor [ProjectName] Editor" joined alternative multi-casting on [225.0.0.222:34997]...

Refreshing native plugins compatible for Editor in 13.84 ms, found 12 plugins.
Preloading 1 native plugins for Editor in 0.54 ms.
Initialize engine version: 2022.3.3f1 (7cdc2969a641)
[Subsystems] Discovering subsystems at path C:/Program Files/Unity/Hub/Editor/2022.3.3f1/Editor/Data/Resources/UnitySubsystems
[Subsystems] Discovering subsystems at path C:/Users/makyt/Documents/Cours/4A_SEMESTRE 7/Réalité Virtuelle/AstroBobVR/AstroBob/Assets
GfxDevice: creating device client; threaded=0; jobified=0
Direct3D:
    Version:  Direct3D 11.0 [level 11.1]
    Renderer: Intel(R) Iris(R) Xe Graphics (ID=0xa7a1)
    Vendor:   Intel
    VRAM:     8018 MB
    Driver:   31.0.101.4575
Initialize mono
Mono path[0] = 'C:/Program Files/Unity/Hub/Editor/2022.3.3f1/Editor/Data/Managed'
Mono path[1] = 'C:/Program Files/Unity/Hub/Editor/2022.3.3f1/Editor/Data/MonoBleedingEdge/lib/mono/unityjit-win32'
Mono config path = 'C:/Program Files/Unity/Hub/Editor/2022.3.3f1/Editor/Data/MonoBleedingEdge/etc'
Using monoOptions --debugger-agent=transport=dt_socket,embedding=1,server=y,suspend=n,address=127.0.0.1:56232
Begin MonoManager ReloadAssembly
Registering precompiled unity dll's ...
Register platform support module: C:/Program Files/Unity/Hub/Editor/2022.3.3f1/Editor/Data/PlaybackEngines/WindowsStandaloneSupport/UnityEditor.WindowsStandalone.Extensions.dll
Registered in 0.005056 seconds.
- Loaded All Assemblies, in  0.228 seconds
Native extension for WindowsStandalone target not found
Mono: successfully reloaded assembly
- Finished resetting the current domain, in  0.180 seconds
Domain Reload Profiling: 407ms
	BeginReloadAssembly (60ms)
		ExecutionOrderSort (0ms)
		DisableScriptedObjects (0ms)
		BackupInstance (0ms)
		ReleaseScriptingObjects (0ms)
		CreateAndSetChildDomain (0ms)
	RebuildCommonClasses (23ms)
	RebuildNativeTypeToScriptingClass (7ms)
	initialDomainReloadingComplete (40ms)
	LoadAllAssembliesAndSetupDomain (97ms)
		LoadAssemblies (58ms)
		RebuildTransferFunctionScriptingTraits (0ms)
		AnalyzeDomain (92ms)
			TypeCache.Refresh (91ms)
				TypeCache.ScanAssembly (82ms)
			ScanForSourceGeneratedMonoScriptInfo (0ms)
			ResolveRequiredComponents (0ms)
	FinalizeReload (180ms)
		ReleaseScriptCaches (0ms)
		RebuildScriptCaches (0ms)
		SetupLoadedEditorAssemblies (139ms)
			LogAssemblyErrors (0ms)
			InitializePlatformSupportModulesInManaged (6ms)
			SetLoadedEditorAssemblies (6ms)
			RefreshPlugins (0ms)
			BeforeProcessingInitializeOnLoad (1ms)
			ProcessInitializeOnLoadAttributes (93ms)
			ProcessInitializeOnLoadMethodAttributes (33ms)
			AfterProcessingInitializeOnLoad (0ms)
			EditorAssembliesLoaded (0ms)
		ExecutionOrderSort2 (0ms)
		AwakeInstancesAfterBackupRestoration (0ms)
========================================================================
Worker process is ready to serve import requests
Begin MonoManager ReloadAssembly
- Loaded All Assemblies, in  0.595 seconds
Refreshing native plugins compatible for Editor in 8.64 ms, found 12 plugins.
Native extension for WindowsStandalone target not found
Package Manager log level set to [2]
[Package Manager] Server::EnsureServerProcessIsRunning -- launch failed, reason: Unity was launched with the -noUpm command-line argument
[Package Manager] UpmClient::Send -- Unable to send message (not connected to UPM process).
[Package Manager] Cannot connect to Unity Package Manager local server
System.Reflection.TargetInvocationException: Exception has been thrown by the target of an invocation. ---> System.NullReferenceException: Object reference not set to an instance of an object
  at Unity.XR.Oculus.OculusLoader.AssetPathToAbsolutePath (System.String assetPath) [0x0003d] in .\Library\PackageCache\com.unity.xr.oculus@4.0.0\Runtime\OculusLoader.cs:282 
  at Unity.XR.Oculus.OculusLoader.EditorLoadOVRPlugin () [0x0007b] in .\Library\PackageCache\com.unity.xr.oculus@4.0.0\Runtime\OculusLoader.cs:267 
  at (wrapper managed-to-native) System.Reflection.RuntimeMethodInfo.InternalInvoke(System.Reflection.RuntimeMethodInfo,object,object[],System.Exception&)
  at System.Reflection.RuntimeMethodInfo.Invoke (System.Object obj, System.Reflection.BindingFlags invokeAttr, System.Reflection.Binder binder, System.Object[] parameters, System.Globalization.CultureInfo culture) [0x0006a] in <605bf8b31fcb444b85176da963870aa7>:0 
   --- End of inner exception stack trace ---
  at System.Reflection.RuntimeMethodInfo.Invoke (System.Object obj, System.Reflection.BindingFlags invokeAttr, System.Reflection.Binder binder, System.Object[] parameters, System.Globalization.CultureInfo culture) [0x00083] in <605bf8b31fcb444b85176da963870aa7>:0 
  at System.Reflection.MethodBase.Invoke (System.Object obj, System.Object[] parameters) [0x00000] in <605bf8b31fcb444b85176da963870aa7>:0 
  at UnityEditor.EditorAssemblies.ProcessInitializeOnLoadMethodAttributes () [0x000a5] in <0cbf2453ffe348b8bff59f7f22a27d4b>:0 
UnityEngine.StackTraceUtility:ExtractStackTrace ()
UnityEngine.DebugLogHandler:LogFormat (UnityEngine.LogType,UnityEngine.Object,string,object[])
UnityEngine.Logger:Log (UnityEngine.LogType,object)
UnityEngine.Debug:LogError (object)
UnityEditor.EditorAssemblies:ProcessInitializeOnLoadMethodAttributes ()

Mono: successfully reloaded assembly
[Package Manager] Server::EnsureServerProcessIsRunning -- launch failed, reason: Unity was launched with the -noUpm command-line argument
[Package Manager] UpmClient::Send -- Unable to send message (not connected to UPM process).
[Package Manager] Cannot connect to Unity Package Manager local server
[Package Manager] Server::EnsureServerProcessIsRunning -- launch failed, reason: Unity was launched with the -noUpm command-line argument
[Package Manager] UpmClient::Send -- Unable to send message (not connected to UPM process).
[Package Manager] Cannot connect to Unity Package Manager local server
- Finished resetting the current domain, in  0.519 seconds
Domain Reload Profiling: 1112ms
	BeginReloadAssembly (87ms)
		ExecutionOrderSort (0ms)
		DisableScriptedObjects (3ms)
		BackupInstance (0ms)
		ReleaseScriptingObjects (0ms)
		CreateAndSetChildDomain (14ms)
	RebuildCommonClasses (22ms)
	RebuildNativeTypeToScriptingClass (7ms)
	initialDomainReloadingComplete (32ms)
	LoadAllAssembliesAndSetupDomain (444ms)
		LoadAssemblies (205ms)
		RebuildTransferFunctionScriptingTraits (0ms)
		AnalyzeDomain (275ms)
			TypeCache.Refresh (256ms)
				TypeCache.ScanAssembly (200ms)
			ScanForSourceGeneratedMonoScriptInfo (15ms)
			ResolveRequiredComponents (4ms)
	FinalizeReload (519ms)
		ReleaseScriptCaches (0ms)
		RebuildScriptCaches (0ms)
		SetupLoadedEditorAssemblies (396ms)
			LogAssemblyErrors (0ms)
			InitializePlatformSupportModulesInManaged (5ms)
			SetLoadedEditorAssemblies (3ms)
			RefreshPlugins (0ms)
			BeforeProcessingInitializeOnLoad (60ms)
			ProcessInitializeOnLoadAttributes (288ms)
			ProcessInitializeOnLoadMethodAttributes (35ms)
			AfterProcessingInitializeOnLoad (5ms)
			EditorAssembliesLoaded (0ms)
		ExecutionOrderSort2 (0ms)
		AwakeInstancesAfterBackupRestoration (4ms)
Launched and connected shader compiler UnityShaderCompiler.exe after 0.04 seconds
Refreshing native plugins compatible for Editor in 9.19 ms, found 12 plugins.
Preloading 1 native plugins for Editor in 0.05 ms.
Unloading 4326 Unused Serialized files (Serialized files now loaded: 0)
Unloading 75 unused Assets / (45.5 KB). Loaded Objects now: 4811.
Memory consumption went from 160.2 MB to 160.1 MB.
Total: 2.398400 ms (FindLiveObjects: 0.212500 ms CreateObjectMapping: 0.107000 ms MarkObjects: 1.999500 ms  DeleteObjects: 0.078200 ms)

AssetImportParameters requested are different than current active one (requested -> active):
  custom:container-demuxer-ogg: 62fdf1f143b41e24485cea50d1cbac27 -> 
  custom:video-codec-MediaFoundation-h265: 746d11721c4dcdbdad8f713fa42b33f4 -> 
  custom:video-decoder-ogg-theora: a1e56fd34408186e4bbccfd4996cb3dc -> 
  custom:framework-win-MediaFoundation: 216162199b28c13a410421893ffa2e32 -> 
  custom:container-demuxer-webm: 4f35f7cbe854078d1ac9338744f61a02 -> 
  custom:scripting/monoscript/fileName/HandAnim.cs: 84f71e895e88d0e11ef195bc76435624 -> 
  custom:container-muxer-webm: aa71ff27fc2769a1b78a27578f13a17b -> 
  custom:video-decoder-webm-vp8: 9c59270c3fd7afecdb556c50c9e8de78 -> 
  custom:AudioImporter_EditorPlatform: d09bf68614088b80899f8185d706f6e7 -> 
  custom:video-encoder-webm-vp8: eb34c28f22e8b96e1ab97ce403110664 -> 
  custom:audio-decoder-ogg-vorbis: bf7c407c2cedff20999df2af8eb42d56 -> 
  custom:audio-encoder-webm-vorbis: bf7c407c2cedff20999df2af8eb42d56 -> 
========================================================================
Received Import Request.
  Time since last request: 166863.891240 seconds.
  path: Assets/Free Demo of Low Poly Space Alien Worlds 3D Asset Pack/Models/Space Forest/SP_Plants/SP_Plant08.fbx
  artifactKey: Guid(ad8d03264f293334b99332141028e155) Importer(815301076,1909f56bfc062723c751e8b465ee728b)
Start importing Assets/Free Demo of Low Poly Space Alien Worlds 3D Asset Pack/Models/Space Forest/SP_Plants/SP_Plant08.fbx using Guid(ad8d03264f293334b99332141028e155) Importer(815301076,1909f56bfc062723c751e8b465ee728b)  -> (artifact id: '28d5b978a3214af443cbebdce0af86b5') in 0.220231 seconds
Number of updated asset objects reloaded before import = 0
Number of asset objects unloaded after import = 9
========================================================================
Received Import Request.
  Time since last request: 0.150959 seconds.
  path: Assets/Free Demo of Low Poly Space Alien Worlds 3D Asset Pack/Models/Space Forest/SP_Ground/SP_Ground02.fbx
  artifactKey: Guid(0e4b95c150afb364f94f4f13c9cb2c7e) Importer(815301076,1909f56bfc062723c751e8b465ee728b)
Start importing Assets/Free Demo of Low Poly Space Alien Worlds 3D Asset Pack/Models/Space Forest/SP_Ground/SP_Ground02.fbx using Guid(0e4b95c150afb364f94f4f13c9cb2c7e) Importer(815301076,1909f56bfc062723c751e8b465ee728b)  -> (artifact id: '8cf6a69f18f6b1d2229c2b3d281c2ab6') in 0.047480 seconds
Number of updated asset objects reloaded before import = 0
Number of asset objects unloaded after import = 9
========================================================================
Received Import Request.
  Time since last request: 0.000022 seconds.
  path: Assets/Free Demo of Low Poly Space Alien Worlds 3D Asset Pack/Models/Space Forest/SP_Ground/SP_Ground04.fbx
  artifactKey: Guid(ef96cffd262e11a4ba5c0aa970ecd5db) Importer(815301076,1909f56bfc062723c751e8b465ee728b)
Start importing Assets/Free Demo of Low Poly Space Alien Worlds 3D Asset Pack/Models/Space Forest/SP_Ground/SP_Ground04.fbx using Guid(ef96cffd262e11a4ba5c0aa970ecd5db) Importer(815301076,1909f56bfc062723c751e8b465ee728b)  -> (artifact id: '63203348b877b91d85d647800e3b0e35') in 0.074748 seconds
Number of updated asset objects reloaded before import = 0
Number of asset objects unloaded after import = 9
========================================================================
Received Import Request.
  Time since last request: 0.257068 seconds.
  path: Assets/Free Demo of Low Poly Space Alien Worlds 3D Asset Pack/Models/Space Forest/SP_Mountains/SP_Mountain01.fbx
  artifactKey: Guid(f6d0095325146194c8a81d4c64f81a33) Importer(815301076,1909f56bfc062723c751e8b465ee728b)
Start importing Assets/Free Demo of Low Poly Space Alien Worlds 3D Asset Pack/Models/Space Forest/SP_Mountains/SP_Mountain01.fbx using Guid(f6d0095325146194c8a81d4c64f81a33) Importer(815301076,1909f56bfc062723c751e8b465ee728b)  -> (artifact id: 'efdac440481c6363dda3fdd1bb7ac023') in 0.105767 seconds
Number of updated asset objects reloaded before import = 0
Number of asset objects unloaded after import = 9
========================================================================
Received Import Request.
  Time since last request: 0.000019 seconds.
  path: Assets/Free Demo of Low Poly Space Alien Worlds 3D Asset Pack/Models/Space Forest/SP_Planet.fbx
  artifactKey: Guid(9d03a187591b3df4fa1410daadb8ae41) Importer(815301076,1909f56bfc062723c751e8b465ee728b)
Start importing Assets/Free Demo of Low Poly Space Alien Worlds 3D Asset Pack/Models/Space Forest/SP_Planet.fbx using Guid(9d03a187591b3df4fa1410daadb8ae41) Importer(815301076,1909f56bfc062723c751e8b465ee728b)  -> (artifact id: '2484fa3a790b448e1d46d8af6bf4320c') in 0.056230 seconds
Number of updated asset objects reloaded before import = 0
Number of asset objects unloaded after import = 9
========================================================================
Received Import Request.
  Time since last request: 0.000017 seconds.
  path: Assets/Free Demo of Low Poly Space Alien Worlds 3D Asset Pack/Models/Space Forest/SP_Plants/SP_Plant09.fbx
  artifactKey: Guid(16646cec63d370245b5c45c64aef65c7) Importer(815301076,1909f56bfc062723c751e8b465ee728b)
Start importing Assets/Free Demo of Low Poly Space Alien Worlds 3D Asset Pack/Models/Space Forest/SP_Plants/SP_Plant09.fbx using Guid(16646cec63d370245b5c45c64aef65c7) Importer(815301076,1909f56bfc062723c751e8b465ee728b)  -> (artifact id: '7b051a035c8bff4f8b863388199e9828') in 0.053231 seconds
Number of updated asset objects reloaded before import = 0
Number of asset objects unloaded after import = 9
========================================================================
Received Import Request.
  Time since last request: 0.381503 seconds.
  path: Assets/Free Demo of Low Poly Space Alien Worlds 3D Asset Pack/Models/Space Forest/SP_Plants/SP_Plant03.fbx
  artifactKey: Guid(eb1e767deba3ebf4d82676ba3b7eea23) Importer(815301076,1909f56bfc062723c751e8b465ee728b)
Start importing Assets/Free Demo of Low Poly Space Alien Worlds 3D Asset Pack/Models/Space Forest/SP_Plants/SP_Plant03.fbx using Guid(eb1e767deba3ebf4d82676ba3b7eea23) Importer(815301076,1909f56bfc062723c751e8b465ee728b)  -> (artifact id: '0ef4d9609874198024cc9fffa9614619') in 0.100831 seconds
Number of updated asset objects reloaded before import = 0
Number of asset objects unloaded after import = 9
========================================================================
Received Import Request.
  Time since last request: 0.000027 seconds.
  path: Assets/Free Demo of Low Poly Space Alien Worlds 3D Asset Pack/Models/Space Forest/SP_Plants/SP_Plant07.fbx
  artifactKey: Guid(71741600c6852d64782fe028d92ab198) Importer(815301076,1909f56bfc062723c751e8b465ee728b)
Start importing Assets/Free Demo of Low Poly Space Alien Worlds 3D Asset Pack/Models/Space Forest/SP_Plants/SP_Plant07.fbx using Guid(71741600c6852d64782fe028d92ab198) Importer(815301076,1909f56bfc062723c751e8b465ee728b)  -> (artifact id: '000c29185c4832c8556e118d1a72fccf') in 0.079038 seconds
Number of updated asset objects reloaded before import = 0
Number of asset objects unloaded after import = 9
========================================================================
Received Import Request.
  Time since last request: 0.000292 seconds.
  path: Assets/Free Demo of Low Poly Space Alien Worlds 3D Asset Pack/Models/Space Forest/SP_Plants/SP_Plant05.fbx
  artifactKey: Guid(210b11a65e90af746b16f5bb8ab2a074) Importer(815301076,1909f56bfc062723c751e8b465ee728b)
Start importing Assets/Free Demo of Low Poly Space Alien Worlds 3D Asset Pack/Models/Space Forest/SP_Plants/SP_Plant05.fbx using Guid(210b11a65e90af746b16f5bb8ab2a074) Importer(815301076,1909f56bfc062723c751e8b465ee728b)  -> (artifact id: '5b44b30fd0d4080a5bb4f36edfef7ab5') in 0.056429 seconds
Number of updated asset objects reloaded before import = 0
Number of asset objects unloaded after import = 9
========================================================================
Received Import Request.
  Time since last request: 0.269453 seconds.
  path: Assets/Free Demo of Low Poly Space Alien Worlds 3D Asset Pack/Models/Space Forest/SP_Rocks/SP_Rock07.fbx
  artifactKey: Guid(f65f9a209070f7f41bc1ab669c9039d1) Importer(815301076,1909f56bfc062723c751e8b465ee728b)
Start importing Assets/Free Demo of Low Poly Space Alien Worlds 3D Asset Pack/Models/Space Forest/SP_Rocks/SP_Rock07.fbx using Guid(f65f9a209070f7f41bc1ab669c9039d1) Importer(815301076,1909f56bfc062723c751e8b465ee728b)  -> (artifact id: '38098c9eccda73cbbcd997f9ce534fec') in 0.105616 seconds
Number of updated asset objects reloaded before import = 0
Number of asset objects unloaded after import = 9
========================================================================
Received Import Request.
  Time since last request: 53.802848 seconds.
  path: Assets/LowPolyAlienWorld/Terrain.fbx
  artifactKey: Guid(587c5ef11f1639140b1ec4c74d6b908e) Importer(815301076,1909f56bfc062723c751e8b465ee728b)
Start importing Assets/LowPolyAlienWorld/Terrain.fbx using Guid(587c5ef11f1639140b1ec4c74d6b908e) Importer(815301076,1909f56bfc062723c751e8b465ee728b)  -> (artifact id: '68677c2dd94bbdbbde77d443ab53ac96') in 0.075918 seconds
Number of updated asset objects reloaded before import = 0
Number of asset objects unloaded after import = 8
Editor requested this worker to shutdown with reason: Scaling down because of idle timeout
TcpMessagingSession - receive error
AssetImportWorkerClient::OnTransportError - code=2 error=End of file
AssetImportWorker is now disconnected from the server
Process exiting
Exiting without the bug reporter. Application will terminate with return code 0